#
# A fatal error has been detected by the Java Runtime Environment:
#
#  EXCEPTION_ACCESS_VIOLATION (0xc0000005) at pc=0x00007fff7baee361, pid=14200, tid=6708
#
# JRE version: Java(TM) SE Runtime Environment (17.0.10+11) (build 17.0.10+11-LTS-240)
# Java VM: Java HotSpot(TM) 64-Bit Server VM (17.0.10+11-LTS-240, mixed mode, sharing, tiered, compressed oops, compressed class ptrs, g1 gc, windows-amd64)
# Problematic frame:
# V  [jvm.dll+0x1ae361]
#
# No core dump will be written. Minidumps are not enabled by default on client versions of Windows
#
# If you would like to submit a bug report, please visit:
#   https://bugreport.java.com/bugreport/crash.jsp
#

---------------  S U M M A R Y ------------

Command Line: org.jetbrains.kotlin.cli.jvm.K2JVMCompiler @D:\Muhammad Hamza Tabani\Apps\Luxury-Tresses\node_modules\react-native-gesture-handler\android\build\20240312_4143075572051415970.compiler.options

Host: Intel(R) Core(TM) i7-4790 CPU @ 3.60GHz, 8 cores, 15G,  Windows 10 , 64 bit Build 19041 (10.0.19041.3636)
Time: Tue Mar 12 02:44:08 2024 Pakistan Standard Time elapsed time: 6.405955 seconds (0d 0h 0m 6s)

---------------  T H R E A D  ---------------

Current thread (0x0000024c0d0eddc0):  GCTaskThread "GC Thread#5" [stack: 0x00000056c6100000,0x00000056c6200000] [id=6708]

Stack: [0x00000056c6100000,0x00000056c6200000],  sp=0x00000056c61ff938,  free space=1022k
Native frames: (J=compiled Java code, j=interpreted, Vv=VM code, C=native code)
V  [jvm.dll+0x1ae361]


siginfo: EXCEPTION_ACCESS_VIOLATION (0xc0000005), reading address 0x0000000000000100


Registers:
RAX=0x0000000000000000, RBX=0x0000000000000001, RCX=0x0000024bc8000000, RDX=0x0000000705009f50
RSP=0x00000056c61ff938, RBP=0x00000000000019ae, RSI=0x000000070487db90, RDI=0x0000000705009f50
R8 =0x0000000000000000, R9 =0x0000024bc8000000, R10=0x0000000705009f50, R11=0x0000000000000001
R12=0x00000056c61ffc40, R13=0x0000024ba463a960, R14=0x0000024c0d21e870, R15=0x0000024bc8000000
RIP=0x00007fff7baee361, EFLAGS=0x0000000000010246


Register to memory mapping:

RIP=0x00007fff7baee361 jvm.dll
RAX=0x0 is NULL
RBX=0x0000000000000001 is an unknown value
RCX=0x0000024bc8000000 is pointing into metadata
RDX=0x0000000705009f50 is pointing into object: java.lang.Class 
{0x0000000705009f10} - klass: 'java/lang/Class'
 - ---- fields (total size 15 words):
 - private volatile transient 'classRedefinedCount' 'I' @12  0
 - private volatile transient 'cachedConstructor' 'Ljava/lang/reflect/Constructor;' @40  NULL (0)
 - private transient 'name' 'Ljava/lang/String;' @44  "org.jetbrains.kotlin.util.ReenterableCounter"{0x0000000705009f98} (e0a013f3)
 - private transient 'module' 'Ljava/lang/Module;' @48  a 'java/lang/Module'{0x0000000702c39b20} (e0587364)
 - private final 'classLoader' 'Ljava/lang/ClassLoader;' @52  a 'jdk/internal/loader/ClassLoaders$AppClassLoader'{0x0000000702c00170} (e058002e)
 - private transient 'classData' 'Ljava/lang/Object;' @56  NULL (0)
 - private transient 'packageName' 'Ljava/lang/String;' @60  "org.jetbrains.kotlin.util"{0x0000000702de6128} (e05bcc25)
 - private final 'componentType' 'Ljava/lang/Class;' @64  NULL (0)
 - private volatile transient 'reflectionData' 'Ljava/lang/ref/SoftReference;' @68  NULL (0)
 - private volatile transient 'genericInfo' 'Lsun/reflect/generics/repository/ClassRepository;' @72  NULL (0)
 - private volatile transient 'enumConstants' '[Ljava/lang/Object;' @76  NULL (0)
 - private volatile transient 'enumConstantDirectory' 'Ljava/util/Map;' @80  NULL (0)
 - private volatile transient 'annotationData' 'Ljava/lang/Class$AnnotationData;' @84  NULL (0)
 - private volatile transient 'annotationType' 'Lsun/reflect/annotation/AnnotationType;' @88  NULL (0)
 - transient 'classValueMap' 'Ljava/lang/ClassValue$ClassValueMap;' @92  NULL (0)
 - signature: Lorg/jetbrains/kotlin/util/ReenterableCounter;
 - fake entry for mirror: 'org/jetbrains/kotlin/util/ReenterableCounter'
 - fake entry for array: NULL
 - fake entry for oop_size: 15
 - fake entry for static_oop_field_count: 2
 - public static final 'Companion' 'Lorg/jetbrains/kotlin/util/ReenterableCounter$Companion;' @112  a 'org/jetbrains/kotlin/util/ReenterableCounter$Companion'{0x000000070500ca08} (e0a01941)
 - private static final 'enteredCounters' 'Ljava/lang/ThreadLocal;' @116  a 'java/lang/ThreadLocal'{0x000000070500ca18} (e0a01943)
RSP=0x00000056c61ff938 points into unknown readable memory: 0x00007fff7bc449ac | ac 49 c4 7b ff 7f 00 00
RBP=0x00000000000019ae is an unknown value
RSI=0x000000070487db90 is pointing into object: [Ljava.lang.Object; 
{0x0000000704879258} - klass: 'java/lang/Object'[]
 - length: 6246
RDI=0x0000000705009f50 is pointing into object: java.lang.Class 
{0x0000000705009f10} - klass: 'java/lang/Class'
 - ---- fields (total size 15 words):
 - private volatile transient 'classRedefinedCount' 'I' @12  0
 - private volatile transient 'cachedConstructor' 'Ljava/lang/reflect/Constructor;' @40  NULL (0)
 - private transient 'name' 'Ljava/lang/String;' @44  "org.jetbrains.kotlin.util.ReenterableCounter"{0x0000000705009f98} (e0a013f3)
 - private transient 'module' 'Ljava/lang/Module;' @48  a 'java/lang/Module'{0x0000000702c39b20} (e0587364)
 - private final 'classLoader' 'Ljava/lang/ClassLoader;' @52  a 'jdk/internal/loader/ClassLoaders$AppClassLoader'{0x0000000702c00170} (e058002e)
 - private transient 'classData' 'Ljava/lang/Object;' @56  NULL (0)
 - private transient 'packageName' 'Ljava/lang/String;' @60  "org.jetbrains.kotlin.util"{0x0000000702de6128} (e05bcc25)
 - private final 'componentType' 'Ljava/lang/Class;' @64  NULL (0)
 - private volatile transient 'reflectionData' 'Ljava/lang/ref/SoftReference;' @68  NULL (0)
 - private volatile transient 'genericInfo' 'Lsun/reflect/generics/repository/ClassRepository;' @72  NULL (0)
 - private volatile transient 'enumConstants' '[Ljava/lang/Object;' @76  NULL (0)
 - private volatile transient 'enumConstantDirectory' 'Ljava/util/Map;' @80  NULL (0)
 - private volatile transient 'annotationData' 'Ljava/lang/Class$AnnotationData;' @84  NULL (0)
 - private volatile transient 'annotationType' 'Lsun/reflect/annotation/AnnotationType;' @88  NULL (0)
 - transient 'classValueMap' 'Ljava/lang/ClassValue$ClassValueMap;' @92  NULL (0)
 - signature: Lorg/jetbrains/kotlin/util/ReenterableCounter;
 - fake entry for mirror: 'org/jetbrains/kotlin/util/ReenterableCounter'
 - fake entry for array: NULL
 - fake entry for oop_size: 15
 - fake entry for static_oop_field_count: 2
 - public static final 'Companion' 'Lorg/jetbrains/kotlin/util/ReenterableCounter$Companion;' @112  a 'org/jetbrains/kotlin/util/ReenterableCounter$Companion'{0x000000070500ca08} (e0a01941)
 - private static final 'enteredCounters' 'Ljava/lang/ThreadLocal;' @116  a 'java/lang/ThreadLocal'{0x000000070500ca18} (e0a01943)
R8 =0x0 is NULL
R9 =0x0000024bc8000000 is pointing into metadata
R10=0x0000000705009f50 is pointing into object: java.lang.Class 
{0x0000000705009f10} - klass: 'java/lang/Class'
 - ---- fields (total size 15 words):
 - private volatile transient 'classRedefinedCount' 'I' @12  0
 - private volatile transient 'cachedConstructor' 'Ljava/lang/reflect/Constructor;' @40  NULL (0)
 - private transient 'name' 'Ljava/lang/String;' @44  "org.jetbrains.kotlin.util.ReenterableCounter"{0x0000000705009f98} (e0a013f3)
 - private transient 'module' 'Ljava/lang/Module;' @48  a 'java/lang/Module'{0x0000000702c39b20} (e0587364)
 - private final 'classLoader' 'Ljava/lang/ClassLoader;' @52  a 'jdk/internal/loader/ClassLoaders$AppClassLoader'{0x0000000702c00170} (e058002e)
 - private transient 'classData' 'Ljava/lang/Object;' @56  NULL (0)
 - private transient 'packageName' 'Ljava/lang/String;' @60  "org.jetbrains.kotlin.util"{0x0000000702de6128} (e05bcc25)
 - private final 'componentType' 'Ljava/lang/Class;' @64  NULL (0)
 - private volatile transient 'reflectionData' 'Ljava/lang/ref/SoftReference;' @68  NULL (0)
 - private volatile transient 'genericInfo' 'Lsun/reflect/generics/repository/ClassRepository;' @72  NULL (0)
 - private volatile transient 'enumConstants' '[Ljava/lang/Object;' @76  NULL (0)
 - private volatile transient 'enumConstantDirectory' 'Ljava/util/Map;' @80  NULL (0)
 - private volatile transient 'annotationData' 'Ljava/lang/Class$AnnotationData;' @84  NULL (0)
 - private volatile transient 'annotationType' 'Lsun/reflect/annotation/AnnotationType;' @88  NULL (0)
 - transient 'classValueMap' 'Ljava/lang/ClassValue$ClassValueMap;' @92  NULL (0)
 - signature: Lorg/jetbrains/kotlin/util/ReenterableCounter;
 - fake entry for mirror: 'org/jetbrains/kotlin/util/ReenterableCounter'
 - fake entry for array: NULL
 - fake entry for oop_size: 15
 - fake entry for static_oop_field_count: 2
 - public static final 'Companion' 'Lorg/jetbrains/kotlin/util/ReenterableCounter$Companion;' @112  a 'org/jetbrains/kotlin/util/ReenterableCounter$Companion'{0x000000070500ca08} (e0a01941)
 - private static final 'enteredCounters' 'Ljava/lang/ThreadLocal;' @116  a 'java/lang/ThreadLocal'{0x000000070500ca18} (e0a01943)
R11=0x0000000000000001 is an unknown value
R12=0x00000056c61ffc40 points into unknown readable memory: 0x00007fff7c23f0a8 | a8 f0 23 7c ff 7f 00 00
R13=0x0000024ba463a960 points into unknown readable memory: 0x00000000000007f0 | f0 07 00 00 00 00 00 00
R14=0x0000024c0d21e870 points into unknown readable memory: 0x00007fff7c23dfd8 | d8 df 23 7c ff 7f 00 00
R15=0x0000024bc8000000 is pointing into metadata


Top of Stack: (sp=0x00000056c61ff938)
0x00000056c61ff938:   00007fff7bc449ac 0000000000000000
0x00000056c61ff948:   0000000000000000 0000000704879258
0x00000056c61ff958:   0000000000000000 000000070487dbc4
0x00000056c61ff968:   00007fff7bc43279 0000000000000001
0x00000056c61ff978:   0000024ba46cb1a0 0000000702badef8
0x00000056c61ff988:   00000056c61ff9d0 0000024c0d21e9f0
0x00000056c61ff998:   0000000000000000 0000000000000040
0x00000056c61ff9a8:   0000024ba463a960 00000056c61ffc40
0x00000056c61ff9b8:   0000024c0d21e870 000000070487db90
0x00000056c61ff9c8:   00000000000019ae 000000070487db91
0x00000056c61ff9d8:   00007fff7bc45af2 00000007102f669a
0x00000056c61ff9e8:   0000000000001989 0000024ba4610fa0
0x00000056c61ff9f8:   0000000000000000 0000024bbb9d5d40
0x00000056c61ffa08:   0000000000000030 0000000000000c00
0x00000056c61ffa18:   00000056c61ffc40 0000000702ba8000
0x00000056c61ffa28:   00007fff7bc427fe 0000000702ba8000 

Instructions: (pc=0x00007fff7baee361)
0x00007fff7baee261:   74 32 0f 10 83 f8 02 00 00 48 8b 07 48 8d 54 24
0x00007fff7baee271:   20 48 8b cf 0f 29 44 24 20 ff 50 40 33 c0 48 89
0x00007fff7baee281:   44 24 20 48 89 44 24 28 0f 28 44 24 20 0f 11 83
0x00007fff7baee291:   f8 02 00 00 48 8b 5c 24 40 48 83 c4 30 5f c3 48
0x00007fff7baee2a1:   8b 49 40 48 8b 01 48 ff 60 28 cc cc cc cc cc 80
0x00007fff7baee2b1:   3d 40 9c 95 00 00 48 8b c1 74 1b 8b 51 08 8b 0d
0x00007fff7baee2c1:   03 20 8f 00 48 d3 e2 48 8b c8 48 03 15 ee 1f 8f
0x00007fff7baee2d1:   00 e9 19 00 00 00 48 8b 51 08 48 8b c8 e9 0d 00
0x00007fff7baee2e1:   00 00 cc cc cc cc cc cc cc cc cc cc cc cc cc 4c
0x00007fff7baee2f1:   8b ca 48 8b d1 45 8b 41 08 45 85 c0 7e 0e 41 f6
0x00007fff7baee301:   c0 01 75 56 41 c1 f8 03 41 8b c0 c3 79 4c 80 3d
0x00007fff7baee311:   e1 9b 95 00 00 b8 0c 00 00 00 b9 10 00 00 00 0f
0x00007fff7baee321:   45 c8 8b 05 bb 2e 8f 00 ff c8 4c 63 c8 48 63 14
0x00007fff7baee331:   11 41 8b c8 83 e1 3f 48 d3 e2 41 8b c8 48 c1 f9
0x00007fff7baee341:   10 0f b6 c1 49 8d 0c 11 49 f7 d1 48 03 c1 49 c1
0x00007fff7baee351:   e9 03 48 c1 e8 03 41 23 c1 c3 49 8b 01 49 8b c9
0x00007fff7baee361:   48 ff a0 00 01 00 00 cc cc cc cc cc cc cc cc 48
0x00007fff7baee371:   83 ec 38 0f 10 02 48 8b 49 40 48 8d 54 24 20 0f
0x00007fff7baee381:   29 44 24 20 e8 66 f2 ff ff 48 83 c4 38 c3 cc 48
0x00007fff7baee391:   83 ec 38 0f 10 02 48 8b 01 48 8d 54 24 20 0f 29
0x00007fff7baee3a1:   44 24 20 ff 50 38 48 83 c4 38 c3 cc cc cc cc 48
0x00007fff7baee3b1:   89 5c 24 08 55 56 57 41 54 41 55 41 56 41 57 48
0x00007fff7baee3c1:   8d 6c 24 e0 48 81 ec 20 01 00 00 48 8b 05 dd 1d
0x00007fff7baee3d1:   92 00 48 33 c4 48 89 45 10 48 8b 05 6f 92 94 00
0x00007fff7baee3e1:   45 33 ed 4c 8b b5 80 00 00 00 4c 8b fa 48 8b bd
0x00007fff7baee3f1:   88 00 00 00 4d 8b c6 49 8b d6 49 8b f1 48 8b 48
0x00007fff7baee401:   40 48 8b 59 40 49 8b cf c7 45 c0 ff ff ff ff 44
0x00007fff7baee411:   89 6d d4 4c 89 6d d8 44 88 6d e0 c7 45 e8 ff ff
0x00007fff7baee421:   ff ff 44 89 6d fc 4c 89 6d 00 44 88 6d 08 e8 ac
0x00007fff7baee431:   f6 f3 ff 41 b1 01 4c 8d 45 e8 41 8d 55 04 49 8b
0x00007fff7baee441:   cf e8 a9 0c f2 ff 48 8b 05 72 85 7a 00 4c 8d 25
0x00007fff7baee451:   9b 7b 69 00 48 89 44 24 30 4c 8d 44 24 70 0f b6 


Stack slot to memory mapping:
stack at sp + 0 slots: 0x00007fff7bc449ac jvm.dll
stack at sp + 1 slots: 0x0 is NULL
stack at sp + 2 slots: 0x0 is NULL
stack at sp + 3 slots: 0x0000000704879258 is an oop: [Ljava.lang.Object; 
{0x0000000704879258} - klass: 'java/lang/Object'[]
 - length: 6246
stack at sp + 4 slots: 0x0 is NULL
stack at sp + 5 slots: 0x000000070487dbc4 is pointing into object: [Ljava.lang.Object; 
{0x0000000704879258} - klass: 'java/lang/Object'[]
 - length: 6246
stack at sp + 6 slots: 0x00007fff7bc43279 jvm.dll
stack at sp + 7 slots: 0x0000000000000001 is an unknown value


---------------  P R O C E S S  ---------------

Threads class SMR info:
_java_thread_list=0x0000024c0f472860, length=13, elements={
0x0000024ba45fa5a0, 0x0000024bc72fd330, 0x0000024bc72fe1b0, 0x0000024bc7312020,
0x0000024bc7313f00, 0x0000024bc73168d0, 0x0000024bc7317290, 0x0000024bc7318030,
0x0000024bc7318ae0, 0x0000024bc7323500, 0x0000024bc7552ea0, 0x0000024bc75593a0,
0x0000024bc7487370
}

Java Threads: ( => current thread )
  0x0000024ba45fa5a0 JavaThread "main" [_thread_blocked, id=6232, stack(0x00000056c4a00000,0x00000056c4b00000)]
  0x0000024bc72fd330 JavaThread "Reference Handler" daemon [_thread_blocked, id=10956, stack(0x00000056c5100000,0x00000056c5200000)]
  0x0000024bc72fe1b0 JavaThread "Finalizer" daemon [_thread_blocked, id=4860, stack(0x00000056c5200000,0x00000056c5300000)]
  0x0000024bc7312020 JavaThread "Signal Dispatcher" daemon [_thread_blocked, id=8748, stack(0x00000056c5300000,0x00000056c5400000)]
  0x0000024bc7313f00 JavaThread "Attach Listener" daemon [_thread_blocked, id=3376, stack(0x00000056c5400000,0x00000056c5500000)]
  0x0000024bc73168d0 JavaThread "Service Thread" daemon [_thread_blocked, id=4888, stack(0x00000056c5500000,0x00000056c5600000)]
  0x0000024bc7317290 JavaThread "Monitor Deflation Thread" daemon [_thread_blocked, id=17192, stack(0x00000056c5600000,0x00000056c5700000)]
  0x0000024bc7318030 JavaThread "C2 CompilerThread0" daemon [_thread_blocked, id=12556, stack(0x00000056c5700000,0x00000056c5800000)]
  0x0000024bc7318ae0 JavaThread "C1 CompilerThread0" daemon [_thread_blocked, id=5952, stack(0x00000056c5800000,0x00000056c5900000)]
  0x0000024bc7323500 JavaThread "Sweeper thread" daemon [_thread_blocked, id=1832, stack(0x00000056c5900000,0x00000056c5a00000)]
  0x0000024bc7552ea0 JavaThread "Notification Thread" daemon [_thread_blocked, id=13976, stack(0x00000056c5a00000,0x00000056c5b00000)]
  0x0000024bc75593a0 JavaThread "Common-Cleaner" daemon [_thread_blocked, id=4152, stack(0x00000056c5c00000,0x00000056c5d00000)]
  0x0000024bc7487370 JavaThread "C2 CompilerThread1" daemon [_thread_blocked, id=11552, stack(0x00000056c6400000,0x00000056c6500000)]

Other Threads:
  0x0000024bc72f9720 VMThread "VM Thread" [stack: 0x00000056c5000000,0x00000056c5100000] [id=10168]
  0x0000024ba467ede0 WatcherThread [stack: 0x00000056c5b00000,0x00000056c5c00000] [id=7424]
  0x0000024ba4662e60 GCTaskThread "GC Thread#0" [stack: 0x00000056c4b00000,0x00000056c4c00000] [id=14612]
  0x0000024c0d1238e0 GCTaskThread "GC Thread#1" [stack: 0x00000056c5d00000,0x00000056c5e00000] [id=6696]
  0x0000024c0d0ed580 GCTaskThread "GC Thread#2" [stack: 0x00000056c5e00000,0x00000056c5f00000] [id=12800]
  0x0000024c0d0ed840 GCTaskThread "GC Thread#3" [stack: 0x00000056c5f00000,0x00000056c6000000] [id=11364]
  0x0000024c0d0edb00 GCTaskThread "GC Thread#4" [stack: 0x00000056c6000000,0x00000056c6100000] [id=15940]
=>0x0000024c0d0eddc0 GCTaskThread "GC Thread#5" [stack: 0x00000056c6100000,0x00000056c6200000] [id=6708]
  0x0000024c0d590c60 GCTaskThread "GC Thread#6" [stack: 0x00000056c6200000,0x00000056c6300000] [id=6712]
  0x0000024c0d501080 GCTaskThread "GC Thread#7" [stack: 0x00000056c6300000,0x00000056c6400000] [id=9820]
  0x0000024ba4673bb0 ConcurrentGCThread "G1 Main Marker" [stack: 0x00000056c4c00000,0x00000056c4d00000] [id=7508]
  0x0000024ba4674d60 ConcurrentGCThread "G1 Conc#0" [stack: 0x00000056c4d00000,0x00000056c4e00000] [id=10456]
  0x0000024c0e5a8320 ConcurrentGCThread "G1 Conc#1" [stack: 0x00000056c6500000,0x00000056c6600000] [id=13856]
  0x0000024ba46ccd20 ConcurrentGCThread "G1 Refine#0" [stack: 0x00000056c4e00000,0x00000056c4f00000] [id=5196]
  0x0000024ba46cd750 ConcurrentGCThread "G1 Service" [stack: 0x00000056c4f00000,0x00000056c5000000] [id=5216]

Threads with active compile tasks:

VM state: at safepoint (normal execution)

VM Mutex/Monitor currently owned by a thread:  ([mutex/lock_event])
[0x0000024ba45f7ef0] Threads_lock - owner thread: 0x0000024bc72f9720
[0x0000024ba45f9060] Heap_lock - owner thread: 0x0000024ba45fa5a0

Heap address: 0x0000000702000000, size: 4064 MB, Compressed Oops mode: Zero based, Oop shift amount: 3

CDS archive(s) mapped at: [0x0000024bc8000000-0x0000024bc8bd0000-0x0000024bc8bd0000), size 12386304, SharedBaseAddress: 0x0000024bc8000000, ArchiveRelocationMode: 1.
Compressed class space mapped at: 0x0000024bc9000000-0x0000024c09000000, reserved size: 1073741824
Narrow klass base: 0x0000024bc8000000, Narrow klass shift: 0, Narrow klass range: 0x100000000

GC Precious Log:
 CPUs: 8 total, 8 available
 Memory: 16255M
 Large Page Support: Disabled
 NUMA Support: Disabled
 Compressed Oops: Enabled (Zero based)
 Heap Region Size: 2M
 Heap Min Capacity: 8M
 Heap Initial Capacity: 254M
 Heap Max Capacity: 4064M
 Pre-touch: Disabled
 Parallel Workers: 8
 Concurrent Workers: 2
 Concurrent Refinement Workers: 8
 Periodic GC: Disabled

Heap:
 garbage-first heap   total 75776K, used 52395K [0x0000000702000000, 0x0000000800000000)
  region size 2048K, 16 young (32768K), 2 survivors (4096K)
 Metaspace       used 32627K, committed 32960K, reserved 1114112K
  class space    used 4146K, committed 4288K, reserved 1048576K

Heap Regions: E=young(eden), S=young(survivor), O=old, HS=humongous(starts), HC=humongous(continues), CS=collection set, F=free, OA=open archive, CA=closed archive, TAMS=top-at-mark-start (previous, next)
|   0|0x0000000702000000, 0x0000000702200000, 0x0000000702200000|100%|HS|  |TAMS 0x0000000702200000, 0x0000000702000000| Complete 
|   1|0x0000000702200000, 0x0000000702400000, 0x0000000702400000|100%|HC|  |TAMS 0x0000000702400000, 0x0000000702200000| Complete 
|   2|0x0000000702400000, 0x0000000702400000, 0x0000000702600000|  0%| F|  |TAMS 0x0000000702400000, 0x0000000702400000| Untracked 
|   3|0x0000000702600000, 0x0000000702800000, 0x0000000702800000|100%|HS|  |TAMS 0x0000000702800000, 0x0000000702600000| Complete 
|   4|0x0000000702800000, 0x0000000702a00000, 0x0000000702a00000|100%|HC|  |TAMS 0x0000000702a00000, 0x0000000702800000| Complete 
|   5|0x0000000702a00000, 0x0000000702c00000, 0x0000000702c00000|100%| O|  |TAMS 0x0000000702a00000, 0x0000000702a00000| Untracked 
|   6|0x0000000702c00000, 0x0000000702e00000, 0x0000000702e00000|100%| O|  |TAMS 0x0000000702c00000, 0x0000000702c00000| Untracked 
|   7|0x0000000702e00000, 0x0000000703000000, 0x0000000703000000|100%| O|  |TAMS 0x0000000702e00000, 0x0000000702e00000| Untracked 
|   8|0x0000000703000000, 0x0000000703200000, 0x0000000703200000|100%| O|  |TAMS 0x0000000703000000, 0x0000000703000000| Untracked 
|   9|0x0000000703200000, 0x0000000703400000, 0x0000000703400000|100%| O|  |TAMS 0x0000000703200000, 0x0000000703200000| Untracked 
|  10|0x0000000703400000, 0x0000000703600000, 0x0000000703600000|100%| O|  |TAMS 0x0000000703400000, 0x0000000703400000| Untracked 
|  11|0x0000000703600000, 0x0000000703800000, 0x0000000703800000|100%| O|  |TAMS 0x0000000703600000, 0x0000000703600000| Untracked 
|  12|0x0000000703800000, 0x0000000703800000, 0x0000000703a00000|  0%| F|  |TAMS 0x0000000703800000, 0x0000000703800000| Untracked 
|  13|0x0000000703a00000, 0x0000000703a00000, 0x0000000703c00000|  0%| F|  |TAMS 0x0000000703a00000, 0x0000000703a00000| Untracked 
|  14|0x0000000703c00000, 0x0000000703c00000, 0x0000000703e00000|  0%| F|  |TAMS 0x0000000703c00000, 0x0000000703c00000| Untracked 
|  15|0x0000000703e00000, 0x0000000703e00000, 0x0000000704000000|  0%| F|  |TAMS 0x0000000703e00000, 0x0000000703e00000| Untracked 
|  16|0x0000000704000000, 0x0000000704000000, 0x0000000704200000|  0%| F|  |TAMS 0x0000000704000000, 0x0000000704000000| Untracked 
|  17|0x0000000704200000, 0x0000000704200000, 0x0000000704400000|  0%| F|  |TAMS 0x0000000704200000, 0x0000000704200000| Untracked 
|  18|0x0000000704400000, 0x0000000704400000, 0x0000000704600000|  0%| F|  |TAMS 0x0000000704400000, 0x0000000704400000| Untracked 
|  19|0x0000000704600000, 0x0000000704600000, 0x0000000704800000|  0%| F|  |TAMS 0x0000000704600000, 0x0000000704600000| Untracked 
|  20|0x0000000704800000, 0x000000070490ec90, 0x0000000704a00000| 52%| S|  |TAMS 0x0000000704800000, 0x0000000704800000| Complete 
|  21|0x0000000704a00000, 0x0000000704c00000, 0x0000000704c00000|100%| S|  |TAMS 0x0000000704a00000, 0x0000000704a00000| Complete 
|  22|0x0000000704c00000, 0x0000000704e00000, 0x0000000704e00000|100%| E|CS|TAMS 0x0000000704c00000, 0x0000000704c00000| Complete 
|  23|0x0000000704e00000, 0x0000000705000000, 0x0000000705000000|100%| E|CS|TAMS 0x0000000704e00000, 0x0000000704e00000| Complete 
|  24|0x0000000705000000, 0x0000000705200000, 0x0000000705200000|100%| E|CS|TAMS 0x0000000705000000, 0x0000000705000000| Complete 
|  25|0x0000000705200000, 0x0000000705400000, 0x0000000705400000|100%| E|CS|TAMS 0x0000000705200000, 0x0000000705200000| Complete 
|  26|0x0000000705400000, 0x0000000705600000, 0x0000000705600000|100%| E|CS|TAMS 0x0000000705400000, 0x0000000705400000| Complete 
|  27|0x0000000705600000, 0x0000000705800000, 0x0000000705800000|100%| E|CS|TAMS 0x0000000705600000, 0x0000000705600000| Complete 
|  28|0x0000000705800000, 0x0000000705a00000, 0x0000000705a00000|100%| E|CS|TAMS 0x0000000705800000, 0x0000000705800000| Complete 
|  29|0x0000000705a00000, 0x0000000705c00000, 0x0000000705c00000|100%| E|CS|TAMS 0x0000000705a00000, 0x0000000705a00000| Complete 
|  30|0x0000000705c00000, 0x0000000705e00000, 0x0000000705e00000|100%| E|CS|TAMS 0x0000000705c00000, 0x0000000705c00000| Complete 
| 110|0x000000070fc00000, 0x000000070fe00000, 0x000000070fe00000|100%| E|CS|TAMS 0x000000070fc00000, 0x000000070fc00000| Complete 
| 111|0x000000070fe00000, 0x0000000710000000, 0x0000000710000000|100%| E|CS|TAMS 0x000000070fe00000, 0x000000070fe00000| Complete 
| 112|0x0000000710000000, 0x0000000710200000, 0x0000000710200000|100%| E|CS|TAMS 0x0000000710000000, 0x0000000710000000| Complete 
| 113|0x0000000710200000, 0x0000000710400000, 0x0000000710400000|100%| E|CS|TAMS 0x0000000710200000, 0x0000000710200000| Complete 
| 114|0x0000000710400000, 0x000000071052afe0, 0x0000000710600000| 58%| E|CS|TAMS 0x0000000710400000, 0x0000000710400000| Complete 
| 126|0x0000000711c00000, 0x0000000711e00000, 0x0000000711e00000|100%| E|CS|TAMS 0x0000000711c00000, 0x0000000711c00000| Complete 

Card table byte_map: [0x0000024bbb9d0000,0x0000024bbc1c0000] _byte_map_base: 0x0000024bb81c0000

Marking Bits (Prev, Next): (CMBitMap*) 0x0000024ba46634c0, (CMBitMap*) 0x0000024ba4663480
 Prev Bits: [0x0000024bc0930000, 0x0000024bc48b0000)
 Next Bits: [0x0000024bbc9b0000, 0x0000024bc0930000)

Polling page: 0x0000024ba25c0000

Metaspace:

Usage:
  Non-class:     27.81 MB used.
      Class:      4.05 MB used.
       Both:     31.86 MB used.

Virtual space:
  Non-class space:       64.00 MB reserved,      28.00 MB ( 44%) committed,  1 nodes.
      Class space:        1.00 GB reserved,       4.19 MB ( <1%) committed,  1 nodes.
             Both:        1.06 GB reserved,      32.19 MB (  3%) committed. 

Chunk freelists:
   Non-Class:  3.30 MB
       Class:  11.79 MB
        Both:  15.08 MB

MaxMetaspaceSize: unlimited
CompressedClassSpaceSize: 1.00 GB
Initial GC threshold: 21.00 MB
Current GC threshold: 35.25 MB
CDS: on
MetaspaceReclaimPolicy: balanced
 - commit_granule_bytes: 65536.
 - commit_granule_words: 8192.
 - virtual_space_node_default_size: 8388608.
 - enlarge_chunks_in_place: 1.
 - new_chunks_are_fully_committed: 0.
 - uncommit_free_chunks: 1.
 - use_allocation_guard: 0.
 - handle_deallocations: 1.


Internal statistics:

num_allocs_failed_limit: 3.
num_arena_births: 190.
num_arena_deaths: 0.
num_vsnodes_births: 2.
num_vsnodes_deaths: 0.
num_space_committed: 514.
num_space_uncommitted: 0.
num_chunks_returned_to_freelist: 3.
num_chunks_taken_from_freelist: 1290.
num_chunk_merges: 3.
num_chunk_splits: 1039.
num_chunks_enlarged: 914.
num_inconsistent_stats: 0.

CodeHeap 'non-profiled nmethods': size=120000Kb used=1291Kb max_used=1291Kb free=118708Kb
 bounds [0x0000024bb3980000, 0x0000024bb3bf0000, 0x0000024bbaeb0000]
CodeHeap 'profiled nmethods': size=120000Kb used=5839Kb max_used=5839Kb free=114160Kb
 bounds [0x0000024babeb0000, 0x0000024bac470000, 0x0000024bb33e0000]
CodeHeap 'non-nmethods': size=5760Kb used=1265Kb max_used=1315Kb free=4494Kb
 bounds [0x0000024bb33e0000, 0x0000024bb3650000, 0x0000024bb3980000]
 total_blobs=3547 nmethods=2969 adapters=490
 compilation: enabled
              stopped_count=0, restarted_count=0
 full_count=0

Compilation events (20 events):
Event: 6.371 Thread 0x0000024bc7318ae0 nmethod 2959 0x0000024bb3ac0a90 code [0x0000024bb3ac0c20, 0x0000024bb3ac0cf8]
Event: 6.371 Thread 0x0000024bc7318ae0 2960       1       org.jetbrains.kotlin.metadata.ProtoBuf$Modality::getNumber (5 bytes)
Event: 6.371 Thread 0x0000024bc7318ae0 nmethod 2960 0x0000024bb3ac0d90 code [0x0000024bb3ac0f20, 0x0000024bb3ac0ff8]
Event: 6.371 Thread 0x0000024bc7318ae0 2963       3       java.util.concurrent.locks.ReentrantLock::unlock (10 bytes)
Event: 6.371 Thread 0x0000024bc7318ae0 nmethod 2963 0x0000024bac45e590 code [0x0000024bac45e760, 0x0000024bac45ea38]
Event: 6.371 Thread 0x0000024bc7487370 2964       4       java.lang.StringBuilder::append (6 bytes)
Event: 6.374 Thread 0x0000024bc7318030 nmethod 2952 0x0000024bb3ac1090 code [0x0000024bb3ac1220, 0x0000024bb3ac1538]
Event: 6.374 Thread 0x0000024bc7318ae0 2965       3       jdk.internal.reflect.ReflectionFactory::newConstructorAccessor (155 bytes)
Event: 6.374 Thread 0x0000024bc7318030 2966       4       kotlin.jvm.internal.Intrinsics::checkNotNull (8 bytes)
Event: 6.374 Thread 0x0000024bc7318030 nmethod 2966 0x0000024bb3ac1790 code [0x0000024bb3ac1900, 0x0000024bb3ac1978]
Event: 6.375 Thread 0x0000024bc7318ae0 nmethod 2965 0x0000024bac45eb90 code [0x0000024bac45ef00, 0x0000024bac460618]
Event: 6.378 Thread 0x0000024bc7487370 nmethod 2964 0x0000024bb3ac1a90 code [0x0000024bb3ac1c20, 0x0000024bb3ac2298]
Event: 6.378 Thread 0x0000024bc7487370 2967       4       java.util.ArrayList::<init> (61 bytes)
Event: 6.380 Thread 0x0000024bc7318ae0 2968       3       org.jetbrains.kotlin.container.SingletonDescriptor::getValue (109 bytes)
Event: 6.381 Thread 0x0000024bc7487370 nmethod 2967 0x0000024bb3ac2690 code [0x0000024bb3ac2820, 0x0000024bb3ac2b78]
Event: 6.382 Thread 0x0000024bc7318ae0 nmethod 2968 0x0000024bac460d90 code [0x0000024bac461140, 0x0000024bac4626f8]
Event: 6.383 Thread 0x0000024bc7318ae0 2969       3       org.jetbrains.kotlin.container.ComponentStorage::registerDependency (32 bytes)
Event: 6.383 Thread 0x0000024bc7318ae0 nmethod 2969 0x0000024bac462e10 code [0x0000024bac463060, 0x0000024bac463c88]
Event: 6.391 Thread 0x0000024bc7318ae0 2970       1       org.jetbrains.kotlin.container.ComponentResolveContext::getContainer (5 bytes)
Event: 6.391 Thread 0x0000024bc7318ae0 nmethod 2970 0x0000024bb3ac2c90 code [0x0000024bb3ac2e20, 0x0000024bb3ac2ef8]

GC Heap History (11 events):
Event: 1.553 GC heap before
{Heap before GC invocations=0 (full 0):
 garbage-first heap   total 260096K, used 24576K [0x0000000702000000, 0x0000000800000000)
  region size 2048K, 11 young (22528K), 0 survivors (0K)
 Metaspace       used 6193K, committed 6336K, reserved 1114112K
  class space    used 621K, committed 704K, reserved 1048576K
}
Event: 2.112 GC heap after
{Heap after GC invocations=1 (full 0):
 garbage-first heap   total 260096K, used 6757K [0x0000000702000000, 0x0000000800000000)
  region size 2048K, 2 young (4096K), 2 survivors (4096K)
 Metaspace       used 6193K, committed 6336K, reserved 1114112K
  class space    used 621K, committed 704K, reserved 1048576K
}
Event: 3.750 GC heap before
{Heap before GC invocations=1 (full 0):
 garbage-first heap   total 260096K, used 43621K [0x0000000702000000, 0x0000000800000000)
  region size 2048K, 20 young (40960K), 2 survivors (4096K)
 Metaspace       used 14543K, committed 14784K, reserved 1114112K
  class space    used 1673K, committed 1792K, reserved 1048576K
}
Event: 3.757 GC heap after
{Heap after GC invocations=2 (full 0):
 garbage-first heap   total 260096K, used 10246K [0x0000000702000000, 0x0000000800000000)
  region size 2048K, 3 young (6144K), 3 survivors (6144K)
 Metaspace       used 14543K, committed 14784K, reserved 1114112K
  class space    used 1673K, committed 1792K, reserved 1048576K
}
Event: 4.492 GC heap before
{Heap before GC invocations=2 (full 0):
 garbage-first heap   total 260096K, used 36870K [0x0000000702000000, 0x0000000800000000)
  region size 2048K, 15 young (30720K), 3 survivors (6144K)
 Metaspace       used 21285K, committed 21504K, reserved 1114112K
  class space    used 2766K, committed 2816K, reserved 1048576K
}
Event: 4.499 GC heap after
{Heap after GC invocations=3 (full 0):
 garbage-first heap   total 260096K, used 16677K [0x0000000702000000, 0x0000000800000000)
  region size 2048K, 5 young (10240K), 5 survivors (10240K)
 Metaspace       used 21285K, committed 21504K, reserved 1114112K
  class space    used 2766K, committed 2816K, reserved 1048576K
}
Event: 5.748 GC heap before
{Heap before GC invocations=4 (full 0):
 garbage-first heap   total 75776K, used 53541K [0x0000000702000000, 0x0000000800000000)
  region size 2048K, 22 young (45056K), 5 survivors (10240K)
 Metaspace       used 26728K, committed 26944K, reserved 1114112K
  class space    used 3579K, committed 3712K, reserved 1048576K
}
Event: 5.764 GC heap after
{Heap after GC invocations=5 (full 0):
 garbage-first heap   total 75776K, used 22007K [0x0000000702000000, 0x0000000800000000)
  region size 2048K, 3 young (6144K), 3 survivors (6144K)
 Metaspace       used 26728K, committed 26944K, reserved 1114112K
  class space    used 3579K, committed 3712K, reserved 1048576K
}
Event: 5.792 GC heap before
{Heap before GC invocations=5 (full 0):
 garbage-first heap   total 75776K, used 22007K [0x0000000702000000, 0x0000000800000000)
  region size 2048K, 4 young (8192K), 3 survivors (6144K)
 Metaspace       used 27218K, committed 27456K, reserved 1114112K
  class space    used 3641K, committed 3776K, reserved 1048576K
}
Event: 5.800 GC heap after
{Heap after GC invocations=6 (full 0):
 garbage-first heap   total 75776K, used 23723K [0x0000000702000000, 0x0000000800000000)
  region size 2048K, 1 young (2048K), 1 survivors (2048K)
 Metaspace       used 27218K, committed 27456K, reserved 1114112K
  class space    used 3641K, committed 3776K, reserved 1048576K
}
Event: 6.395 GC heap before
{Heap before GC invocations=6 (full 0):
 garbage-first heap   total 75776K, used 52395K [0x0000000702000000, 0x0000000800000000)
  region size 2048K, 15 young (30720K), 1 survivors (2048K)
 Metaspace       used 32627K, committed 32960K, reserved 1114112K
  class space    used 4146K, committed 4288K, reserved 1048576K
}

Deoptimization events (20 events):
Event: 6.213 Thread 0x0000024ba45fa5a0 Uncommon trap: trap_request=0xffffffd6 fr.pc=0x0000024bb3aab428 relative=0x0000000000000388
Event: 6.213 Thread 0x0000024ba45fa5a0 Uncommon trap: reason=array_check action=maybe_recompile pc=0x0000024bb3aab428 method=java.util.LinkedHashMap.valuesToArray([Ljava/lang/Object;)[Ljava/lang/Object; @ 25 c2
Event: 6.213 Thread 0x0000024ba45fa5a0 DEOPT PACKING pc=0x0000024bb3aab428 sp=0x00000056c4afdd70
Event: 6.213 Thread 0x0000024ba45fa5a0 DEOPT UNPACKING pc=0x0000024bb34323a3 sp=0x00000056c4afdd18 mode 2
Event: 6.213 Thread 0x0000024ba45fa5a0 Uncommon trap: trap_request=0xffffffd6 fr.pc=0x0000024bb3aab428 relative=0x0000000000000388
Event: 6.213 Thread 0x0000024ba45fa5a0 Uncommon trap: reason=array_check action=maybe_recompile pc=0x0000024bb3aab428 method=java.util.LinkedHashMap.valuesToArray([Ljava/lang/Object;)[Ljava/lang/Object; @ 25 c2
Event: 6.213 Thread 0x0000024ba45fa5a0 DEOPT PACKING pc=0x0000024bb3aab428 sp=0x00000056c4afdd70
Event: 6.213 Thread 0x0000024ba45fa5a0 DEOPT UNPACKING pc=0x0000024bb34323a3 sp=0x00000056c4afdd18 mode 2
Event: 6.213 Thread 0x0000024ba45fa5a0 Uncommon trap: trap_request=0xffffffd6 fr.pc=0x0000024bb3aab428 relative=0x0000000000000388
Event: 6.213 Thread 0x0000024ba45fa5a0 Uncommon trap: reason=array_check action=maybe_recompile pc=0x0000024bb3aab428 method=java.util.LinkedHashMap.valuesToArray([Ljava/lang/Object;)[Ljava/lang/Object; @ 25 c2
Event: 6.213 Thread 0x0000024ba45fa5a0 DEOPT PACKING pc=0x0000024bb3aab428 sp=0x00000056c4afdd70
Event: 6.213 Thread 0x0000024ba45fa5a0 DEOPT UNPACKING pc=0x0000024bb34323a3 sp=0x00000056c4afdd18 mode 2
Event: 6.213 Thread 0x0000024ba45fa5a0 Uncommon trap: trap_request=0xffffffd6 fr.pc=0x0000024bb3aab428 relative=0x0000000000000388
Event: 6.213 Thread 0x0000024ba45fa5a0 Uncommon trap: reason=array_check action=maybe_recompile pc=0x0000024bb3aab428 method=java.util.LinkedHashMap.valuesToArray([Ljava/lang/Object;)[Ljava/lang/Object; @ 25 c2
Event: 6.213 Thread 0x0000024ba45fa5a0 DEOPT PACKING pc=0x0000024bb3aab428 sp=0x00000056c4afdd70
Event: 6.213 Thread 0x0000024ba45fa5a0 DEOPT UNPACKING pc=0x0000024bb34323a3 sp=0x00000056c4afdd18 mode 2
Event: 6.351 Thread 0x0000024ba45fa5a0 Uncommon trap: trap_request=0xffffff6e fr.pc=0x0000024bb39a1e6c relative=0x00000000000003cc
Event: 6.351 Thread 0x0000024ba45fa5a0 Uncommon trap: reason=loop_limit_check action=maybe_recompile pc=0x0000024bb39a1e6c method=java.lang.StringLatin1.indexOf([BI[BII)I @ 37 c2
Event: 6.351 Thread 0x0000024ba45fa5a0 DEOPT PACKING pc=0x0000024bb39a1e6c sp=0x00000056c4afc3f0
Event: 6.351 Thread 0x0000024ba45fa5a0 DEOPT UNPACKING pc=0x0000024bb34323a3 sp=0x00000056c4afc350 mode 2

Classes unloaded (0 events):
No events

Classes redefined (0 events):
No events

Internal exceptions (20 events):
Event: 3.374 Thread 0x0000024ba45fa5a0 Exception <a 'java/lang/NoSuchMethodError'{0x000000071032aee8}: 'java.lang.Object java.lang.invoke.DirectMethodHandle$Holder.invokeStaticInit(java.lang.Object)'> (0x000000071032aee8) 
thrown [s\open\src\hotspot\share\interpreter\linkResolver.cpp, line 759]
Event: 3.599 Thread 0x0000024ba45fa5a0 Exception <a 'java/lang/NoSuchMethodError'{0x000000070fa5fa80}: 'java.lang.Object java.lang.invoke.DirectMethodHandle$Holder.invokeStaticInit(java.lang.Object, int)'> (0x000000070fa5fa80) 
thrown [s\open\src\hotspot\share\interpreter\linkResolver.cpp, line 759]
Event: 3.611 Thread 0x0000024ba45fa5a0 Exception <a 'java/lang/NoSuchMethodError'{0x000000070fae90c8}: 'void java.lang.invoke.DirectMethodHandle$Holder.invokeStatic(java.lang.Object, java.lang.Object)'> (0x000000070fae90c8) 
thrown [s\open\src\hotspot\share\interpreter\linkResolver.cpp, line 759]
Event: 3.650 Thread 0x0000024ba45fa5a0 Exception <a 'java/lang/NoSuchMethodError'{0x000000070f81e3e8}: 'long java.lang.invoke.DirectMethodHandle$Holder.invokeStatic(java.lang.Object)'> (0x000000070f81e3e8) 
thrown [s\open\src\hotspot\share\interpreter\linkResolver.cpp, line 759]
Event: 3.651 Thread 0x0000024ba45fa5a0 Exception <a 'java/lang/NoSuchMethodError'{0x000000070f821b40}: 'long java.lang.invoke.DirectMethodHandle$Holder.invokeStaticInit(java.lang.Object)'> (0x000000070f821b40) 
thrown [s\open\src\hotspot\share\interpreter\linkResolver.cpp, line 759]
Event: 3.733 Thread 0x0000024ba45fa5a0 Exception <a 'java/lang/NoSuchMethodError'{0x000000070f798048}: 'int java.lang.invoke.DirectMethodHandle$Holder.invokeStaticInit(java.lang.Object, java.lang.Object, java.lang.Object)'> (0x000000070f798048) 
thrown [s\open\src\hotspot\share\interpreter\linkResolver.cpp, line 759]
Event: 3.739 Thread 0x0000024ba45fa5a0 Exception <a 'java/lang/NoSuchMethodError'{0x000000070f7bf680}: 'int java.lang.invoke.DirectMethodHandle$Holder.invokeStaticInit(java.lang.Object, java.lang.Object)'> (0x000000070f7bf680) 
thrown [s\open\src\hotspot\share\interpreter\linkResolver.cpp, line 759]
Event: 3.780 Thread 0x0000024ba45fa5a0 Exception <a 'java/lang/NoSuchMethodError'{0x0000000711c97228}: 'void java.lang.invoke.DirectMethodHandle$Holder.invokeSpecial(java.lang.Object, java.lang.Object, java.lang.Object)'> (0x0000000711c97228) 
thrown [s\open\src\hotspot\share\interpreter\linkResolver.cpp, line 759]
Event: 4.173 Thread 0x0000024ba45fa5a0 Exception <a 'sun/nio/fs/WindowsException'{0x0000000711058b18}> (0x0000000711058b18) 
thrown [s\open\src\hotspot\share\prims\jni.cpp, line 516]
Event: 4.173 Thread 0x0000024ba45fa5a0 Exception <a 'sun/nio/fs/WindowsException'{0x0000000711059380}> (0x0000000711059380) 
thrown [s\open\src\hotspot\share\prims\jni.cpp, line 516]
Event: 4.173 Thread 0x0000024ba45fa5a0 Exception <a 'sun/nio/fs/WindowsException'{0x0000000711059bf8}> (0x0000000711059bf8) 
thrown [s\open\src\hotspot\share\prims\jni.cpp, line 516]
Event: 4.174 Thread 0x0000024ba45fa5a0 Exception <a 'sun/nio/fs/WindowsException'{0x000000071105a5f0}> (0x000000071105a5f0) 
thrown [s\open\src\hotspot\share\prims\jni.cpp, line 516]
Event: 4.174 Thread 0x0000024ba45fa5a0 Exception <a 'sun/nio/fs/WindowsException'{0x000000071105aee8}> (0x000000071105aee8) 
thrown [s\open\src\hotspot\share\prims\jni.cpp, line 516]
Event: 4.174 Thread 0x0000024ba45fa5a0 Exception <a 'sun/nio/fs/WindowsException'{0x000000071105b810}> (0x000000071105b810) 
thrown [s\open\src\hotspot\share\prims\jni.cpp, line 516]
Event: 4.178 Thread 0x0000024ba45fa5a0 Exception <a 'java/lang/NoSuchMethodError'{0x0000000711064e40}: 'void java.lang.invoke.DirectMethodHandle$Holder.invokeStatic(java.lang.Object, java.lang.Object, java.lang.Object, java.lang.Object)'> (0x0000000711064e40) 
thrown [s\open\src\hotspot\share\interpreter\linkResolver.cpp, line 759]
Event: 4.246 Thread 0x0000024ba45fa5a0 Exception <a 'java/lang/NoSuchMethodError'{0x0000000710c05720}: 'void java.lang.invoke.DirectMethodHandle$Holder.invokeStaticInit(java.lang.Object, java.lang.Object)'> (0x0000000710c05720) 
thrown [s\open\src\hotspot\share\interpreter\linkResolver.cpp, line 759]
Event: 4.350 Thread 0x0000024ba45fa5a0 Exception <a 'java/lang/NoSuchMethodError'{0x0000000710be8948}: 'void java.lang.invoke.DirectMethodHandle$Holder.invokeVirtual(java.lang.Object, java.lang.Object)'> (0x0000000710be8948) 
thrown [s\open\src\hotspot\share\interpreter\linkResolver.cpp, line 759]
Event: 4.360 Thread 0x0000024ba45fa5a0 Exception <a 'java/lang/NoSuchMethodError'{0x00000007108606b0}: 'int java.lang.invoke.DirectMethodHandle$Holder.invokeVirtual(java.lang.Object, java.lang.Object)'> (0x00000007108606b0) 
thrown [s\open\src\hotspot\share\interpreter\linkResolver.cpp, line 759]
Event: 4.390 Thread 0x0000024ba45fa5a0 Exception <a 'java/lang/NoSuchMethodError'{0x0000000710929f90}: 'java.lang.Object java.lang.invoke.Invokers$Holder.invokeExact_MT(java.lang.Object, java.lang.Object, java.lang.Object, java.lang.Object, java.lang.Object, java.lang.Object)'> (0x0000000710929f90) 
thrown [s\open\src\hotspot\share\interpreter\linkResolver.cpp, line 759]
Event: 5.496 Thread 0x0000024ba45fa5a0 Exception <a 'java/lang/NoSuchMethodError'{0x00000007040e40a0}: 'java.lang.Object java.lang.invoke.DirectMethodHandle$Holder.invokeVirtual(java.lang.Object, java.lang.Object, java.lang.Object)'> (0x00000007040e40a0) 
thrown [s\open\src\hotspot\share\interpreter\linkResolver.cpp, line 759]

VM Operations (20 events):
Event: 3.925 Executing VM operation: HandshakeAllThreads done
Event: 3.926 Executing VM operation: HandshakeAllThreads
Event: 3.926 Executing VM operation: HandshakeAllThreads done
Event: 4.213 Executing VM operation: HandshakeAllThreads
Event: 4.213 Executing VM operation: HandshakeAllThreads done
Event: 4.492 Executing VM operation: CollectForMetadataAllocation
Event: 4.499 Executing VM operation: CollectForMetadataAllocation done
Event: 4.505 Executing VM operation: G1Concurrent
Event: 4.506 Executing VM operation: G1Concurrent done
Event: 4.506 Executing VM operation: G1Concurrent
Event: 4.507 Executing VM operation: G1Concurrent done
Event: 4.509 Executing VM operation: HandshakeAllThreads
Event: 4.509 Executing VM operation: HandshakeAllThreads done
Event: 5.520 Executing VM operation: Cleanup
Event: 5.537 Executing VM operation: Cleanup done
Event: 5.748 Executing VM operation: G1CollectForAllocation
Event: 5.764 Executing VM operation: G1CollectForAllocation done
Event: 5.792 Executing VM operation: G1CollectForAllocation
Event: 5.800 Executing VM operation: G1CollectForAllocation done
Event: 6.395 Executing VM operation: G1CollectForAllocation

Events (20 events):
Event: 5.925 loading class sun/reflect/generics/repository/ConstructorRepository done
Event: 5.925 loading class sun/reflect/generics/tree/BottomSignature
Event: 5.925 loading class sun/reflect/generics/tree/BottomSignature done
Event: 5.925 loading class sun/reflect/generics/tree/Wildcard
Event: 5.925 loading class sun/reflect/generics/tree/Wildcard done
Event: 5.925 loading class sun/reflect/generics/tree/VoidDescriptor
Event: 5.925 loading class sun/reflect/generics/tree/VoidDescriptor done
Event: 5.925 loading class sun/reflect/generics/tree/MethodTypeSignature
Event: 5.925 loading class sun/reflect/generics/tree/MethodTypeSignature done
Event: 5.925 loading class sun/reflect/generics/reflectiveObjects/WildcardTypeImpl
Event: 5.925 loading class java/lang/reflect/WildcardType
Event: 5.925 loading class java/lang/reflect/WildcardType done
Event: 5.925 loading class sun/reflect/generics/reflectiveObjects/WildcardTypeImpl done
Event: 5.959 Thread 0x0000024bc7487370 Thread added: 0x0000024bc7487370
Event: 6.005 loading class java/lang/TypeNotPresentException
Event: 6.005 loading class java/lang/TypeNotPresentException done
Event: 6.099 loading class sun/reflect/generics/scope/MethodScope
Event: 6.099 loading class sun/reflect/generics/scope/MethodScope done
Event: 6.099 loading class sun/reflect/generics/repository/MethodRepository
Event: 6.100 loading class sun/reflect/generics/repository/MethodRepository done


Dynamic libraries:
0x00007ff718840000 - 0x00007ff718850000 	C:\Program Files\Java\jdk-17\bin\java.exe
0x00007fffe1a70000 - 0x00007fffe1c68000 	C:\Windows\SYSTEM32\ntdll.dll
0x00007fffe0bb0000 - 0x00007fffe0c6d000 	C:\Windows\System32\KERNEL32.DLL
0x00007fffdf7b0000 - 0x00007fffdfaa6000 	C:\Windows\System32\KERNELBASE.dll
0x00007fffdf320000 - 0x00007fffdf420000 	C:\Windows\System32\ucrtbase.dll
0x00007fffcf4f0000 - 0x00007fffcf509000 	C:\Program Files\Java\jdk-17\bin\jli.dll
0x00007fffdfab0000 - 0x00007fffdfb63000 	C:\Windows\System32\ADVAPI32.dll
0x00007fffd45a0000 - 0x00007fffd45bb000 	C:\Program Files\Java\jdk-17\bin\VCRUNTIME140.dll
0x00007fffe0dc0000 - 0x00007fffe0e5e000 	C:\Windows\System32\msvcrt.dll
0x00007fffe1770000 - 0x00007fffe180f000 	C:\Windows\System32\sechost.dll
0x00007fffe0e60000 - 0x00007fffe0f86000 	C:\Windows\System32\RPCRT4.dll
0x00007fffdf630000 - 0x00007fffdf657000 	C:\Windows\System32\bcrypt.dll
0x00007fffe0a10000 - 0x00007fffe0bae000 	C:\Windows\System32\USER32.dll
0x00007fffdf540000 - 0x00007fffdf562000 	C:\Windows\System32\win32u.dll
0x00007fffe0290000 - 0x00007fffe02bb000 	C:\Windows\System32\GDI32.dll
0x00007fffdf420000 - 0x00007fffdf537000 	C:\Windows\System32\gdi32full.dll
0x00007fffdf710000 - 0x00007fffdf7ad000 	C:\Windows\System32\msvcp_win.dll
0x00007fffde4a0000 - 0x00007fffde73a000 	C:\Windows\WinSxS\amd64_microsoft.windows.common-controls_6595b64144ccf1df_6.0.19041.3636_none_60b6a03d71f818d5\COMCTL32.dll
0x00007fffd3080000 - 0x00007fffd308a000 	C:\Windows\SYSTEM32\VERSION.dll
0x00007fffe07c0000 - 0x00007fffe07f2000 	C:\Windows\System32\IMM32.DLL
0x00007fffd4590000 - 0x00007fffd459c000 	C:\Program Files\Java\jdk-17\bin\vcruntime140_1.dll
0x00007fffa36e0000 - 0x00007fffa376e000 	C:\Program Files\Java\jdk-17\bin\msvcp140.dll
0x00007fff7b940000 - 0x00007fff7c51f000 	C:\Program Files\Java\jdk-17\bin\server\jvm.dll
0x00007fffdfb70000 - 0x00007fffdfb78000 	C:\Windows\System32\PSAPI.DLL
0x00007fffd04f0000 - 0x00007fffd0517000 	C:\Windows\SYSTEM32\WINMM.dll
0x00007fffceab0000 - 0x00007fffceab9000 	C:\Windows\SYSTEM32\WSOCK32.dll
0x00007fffe0d50000 - 0x00007fffe0dbb000 	C:\Windows\System32\WS2_32.dll
0x00007fffdc300000 - 0x00007fffdc312000 	C:\Windows\SYSTEM32\kernel.appcore.dll
0x00007fffceaa0000 - 0x00007fffceaaa000 	C:\Program Files\Java\jdk-17\bin\jimage.dll
0x00007fffdea40000 - 0x00007fffdec24000 	C:\Windows\SYSTEM32\DBGHELP.DLL
0x00007fffde850000 - 0x00007fffde884000 	C:\Windows\SYSTEM32\dbgcore.DLL
0x00007fffdf130000 - 0x00007fffdf1b2000 	C:\Windows\System32\bcryptPrimitives.dll
0x00007fffcea70000 - 0x00007fffcea95000 	C:\Program Files\Java\jdk-17\bin\java.dll
0x00007fff99180000 - 0x00007fff99257000 	C:\Program Files\Java\jdk-17\bin\jsvml.dll
0x00007fffe0f90000 - 0x00007fffe16d5000 	C:\Windows\System32\SHELL32.dll
0x00007fffdcb90000 - 0x00007fffdd32c000 	C:\Windows\SYSTEM32\windows.storage.dll
0x00007fffe02c0000 - 0x00007fffe0614000 	C:\Windows\System32\combase.dll
0x00007fffde400000 - 0x00007fffde42e000 	C:\Windows\SYSTEM32\Wldp.dll
0x00007fffe01c0000 - 0x00007fffe028d000 	C:\Windows\System32\OLEAUT32.dll
0x00007fffe06a0000 - 0x00007fffe074d000 	C:\Windows\System32\SHCORE.dll
0x00007fffe19b0000 - 0x00007fffe1a05000 	C:\Windows\System32\shlwapi.dll
0x00007fffdf060000 - 0x00007fffdf085000 	C:\Windows\SYSTEM32\profapi.dll
0x00007fff99760000 - 0x00007fff99779000 	C:\Program Files\Java\jdk-17\bin\net.dll
0x00007fffd7d10000 - 0x00007fffd7e1a000 	C:\Windows\SYSTEM32\WINHTTP.dll
0x00007fffde2d0000 - 0x00007fffde33a000 	C:\Windows\system32\mswsock.dll
0x00007fff990f0000 - 0x00007fff99106000 	C:\Program Files\Java\jdk-17\bin\nio.dll
0x00007fff990b0000 - 0x00007fff990c8000 	C:\Program Files\Java\jdk-17\bin\zip.dll
0x00007fffc81c0000 - 0x00007fffc81d0000 	C:\Program Files\Java\jdk-17\bin\verify.dll

dbghelp: loaded successfully - version: 4.0.5 - missing functions: none
symbol engine: initialized successfully - sym options: 0x614 - pdb path: .;C:\Program Files\Java\jdk-17\bin;C:\Windows\SYSTEM32;C:\Windows\WinSxS\amd64_microsoft.windows.common-controls_6595b64144ccf1df_6.0.19041.3636_none_60b6a03d71f818d5;C:\Program Files\Java\jdk-17\bin\server

VM Arguments:
java_command: org.jetbrains.kotlin.cli.jvm.K2JVMCompiler @D:\Muhammad Hamza Tabani\Apps\Luxury-Tresses\node_modules\react-native-gesture-handler\android\build\20240312_4143075572051415970.compiler.options
java_class_path (initial): C:\Users\Hamza\.gradle\caches\modules-2\files-2.1\org.jetbrains.kotlin\kotlin-compiler-embeddable\1.6.21\97bdd5a752ce73b58ef16c17bc7f0ea2faff7a2e\kotlin-compiler-embeddable-1.6.21.jar;C:\Users\Hamza\.gradle\caches\modules-2\files-2.1\org.jetbrains.kotlin\kotlin-reflect\1.6.21\5dc3574d9b7bebfcb4ec6b10ada4aaa9e140bd0b\kotlin-reflect-1.6.21.jar;C:\Users\Hamza\.gradle\caches\modules-2\files-2.1\org.jetbrains.kotlin\kotlin-stdlib\1.6.21\11ef67f1900634fd951bad28c53ec957fabbe5b8\kotlin-stdlib-1.6.21.jar;C:\Users\Hamza\.gradle\caches\modules-2\files-2.1\org.jetbrains.kotlin\kotlin-script-runtime\1.6.21\99c6675100da5d6d5b1c5a1032f27f28008d101b\kotlin-script-runtime-1.6.21.jar;C:\Users\Hamza\.gradle\caches\modules-2\files-2.1\org.jetbrains.kotlin\kotlin-daemon-embeddable\1.6.21\46b78cf392e1c4f10854c3cadba44abb7b82250f\kotlin-daemon-embeddable-1.6.21.jar;C:\Users\Hamza\.gradle\caches\modules-2\files-2.1\org.jetbrains.intellij.deps\trove4j\1.0.20200330\3afb14d5f9ceb459d724e907a21145e8ff394f02\trove4j-1.0.20200330.jar;C:\Users\Hamza\.gradle\caches\modules-2\files-2.1\net.java.dev.jna\jna\5.6.0\330f2244e9030119ab3030fc3fededc86713d9cc\jna-5.6.0.jar;C:\Users\Hamza\.gradle\caches\modules-2\files-2.1\org.jetbrains.kotlin\kotlin-stdlib-common\1.6.21\5e5b55c26dbc80372a920aef60eb774b714559b8\kotlin-stdlib-common-1.6.21.jar;C:\Users\Hamza\.gradle\caches\modules-2\files-2.1\org.jetbrains\annotations\13.0\919f0dfe192fb4e063e7dacadee7f8bb9a2672a9\annotations-13.0.jar
Launcher Type: SUN_STANDARD

[Global flags]
     intx CICompilerCount                          = 4                                         {product} {ergonomic}
     uint ConcGCThreads                            = 2                                         {product} {ergonomic}
     uint G1ConcRefinementThreads                  = 8                                         {product} {ergonomic}
   size_t G1HeapRegionSize                         = 2097152                                   {product} {ergonomic}
    uintx GCDrainStackTargetSize                   = 64                                        {product} {ergonomic}
   size_t InitialHeapSize                          = 266338304                                 {product} {ergonomic}
   size_t MarkStackSize                            = 4194304                                   {product} {ergonomic}
   size_t MaxHeapSize                              = 4261412864                                {product} {ergonomic}
   size_t MaxNewSize                               = 2556428288                                {product} {ergonomic}
   size_t MinHeapDeltaBytes                        = 2097152                                   {product} {ergonomic}
   size_t MinHeapSize                              = 8388608                                   {product} {ergonomic}
    uintx NonNMethodCodeHeapSize                   = 5839372                                {pd product} {ergonomic}
    uintx NonProfiledCodeHeapSize                  = 122909434                              {pd product} {ergonomic}
    uintx ProfiledCodeHeapSize                     = 122909434                              {pd product} {ergonomic}
    uintx ReservedCodeCacheSize                    = 251658240                              {pd product} {ergonomic}
     bool SegmentedCodeCache                       = true                                      {product} {ergonomic}
   size_t SoftMaxHeapSize                          = 4261412864                             {manageable} {ergonomic}
     bool UseCompressedClassPointers               = true                           {product lp64_product} {ergonomic}
     bool UseCompressedOops                        = true                           {product lp64_product} {ergonomic}
     bool UseG1GC                                  = true                                      {product} {ergonomic}
     bool UseLargePagesIndividualAllocation        = false                                  {pd product} {ergonomic}

Logging:
Log output configuration:
 #0: stdout all=warning uptime,level,tags
 #1: stderr all=off uptime,level,tags

Environment Variables:
JAVA_HOME=C:\Program Files\Java\jdk-17
CLASSPATH=D:\Muhammad Hamza Tabani\Apps\Luxury-Tresses\android\\gradle\wrapper\gradle-wrapper.jar
PATH=D:\Muhammad Hamza Tabani\Apps\Luxury-Tresses\node_modules\.bin;D:\Muhammad Hamza Tabani\Apps\Luxury-Tresses\node_modules\.bin;D:\Muhammad Hamza Tabani\Apps\node_modules\.bin;D:\Muhammad Hamza Tabani\node_modules\.bin;D:\node_modules\.bin;C:\Users\Hamza\AppData\Roaming\npm\node_modules\npm\node_modules\@npmcli\run-script\lib\node-gyp-bin;C:\Program Files\Common Files\Oracle\Java\javapath;C:\Program Files\Microsoft\jdk-11.0.20.8-hotspot\bin;C:\Windows\system32;C:\Windows;C:\Windows\System32\Wbem;C:\Windows\System32\WindowsPowerShell\v1.0\;C:\Windows\System32\OpenSSH\;C:\ProgramData\chocolatey\bin;C:\Program Files\nodejs\;C:\Users\Hamza\AppData\Local\Microsoft\WindowsApps;C:\Users\Hamza\AppData\Local\Programs\Git\cmd;C:\Users\Hamza\AppData\Local\Programs\Microsoft VS Code\bin;C:\Users\Hamza\AppData\Local\Android\Sdk\platform-tools;
USERNAME=Hamza
OS=Windows_NT
PROCESSOR_IDENTIFIER=Intel64 Family 6 Model 60 Stepping 3, GenuineIntel



---------------  S Y S T E M  ---------------

OS:
 Windows 10 , 64 bit Build 19041 (10.0.19041.3636)
OS uptime: 5 days 22:04 hours

CPU: total 8 (initial active 8) (4 cores per cpu, 2 threads per core) family 6 model 60 stepping 3 microcode 0x27, cx8, cmov, fxsr, ht, mmx, sse, sse2, sse3, ssse3, sse4.1, sse4.2, popcnt, lzcnt, tsc, tscinvbit, avx, avx2, erms, clmul, bmi1, bmi2, fma, vzeroupper, clflush

Memory: 4k page, system-wide physical 16255M (7219M free)
TotalPageFile size 18687M (AvailPageFile size 7674M)
current process WorkingSet (physical memory assigned to process): 177M, peak: 184M
current process commit charge ("private bytes"): 223M, peak: 399M

vm_info: Java HotSpot(TM) 64-Bit Server VM (17.0.10+11-LTS-240) for windows-amd64 JRE (17.0.10+11-LTS-240), built on Dec 19 2023 21:47:25 by "mach5one" with MS VC++ 17.1 (VS2022)

END.
