#
# A fatal error has been detected by the Java Runtime Environment:
#
#  EXCEPTION_ACCESS_VIOLATION (0xc0000005) at pc=0x00007ffd9b49c6ab, pid=7484, tid=7100
#
# JRE version: OpenJDK Runtime Environment Microsoft-8035250 (11.0.20+8) (build 11.0.20+8-LTS)
# Java VM: OpenJDK 64-Bit Server VM Microsoft-8035250 (11.0.20+8-LTS, mixed mode, tiered, compressed oops, g1 gc, windows-amd64)
# Problematic frame:
# V  [jvm.dll+0x65c6ab]
#
# No core dump will be written. Minidumps are not enabled by default on client versions of Windows
#
# If you would like to submit a bug report, please visit:
#   https://github.com/microsoft/openjdk/issues
#

---------------  S U M M A R Y ------------

Command Line: -XX:MaxMetaspaceSize=512m --add-opens=java.base/java.util=ALL-UNNAMED --add-opens=java.base/java.lang=ALL-UNNAMED --add-opens=java.base/java.lang.invoke=ALL-UNNAMED --add-opens=java.prefs/java.util.prefs=ALL-UNNAMED --add-opens=java.base/java.nio.charset=ALL-UNNAMED --add-opens=java.base/java.net=ALL-UNNAMED --add-opens=java.base/java.util.concurrent.atomic=ALL-UNNAMED -Xmx2048m -Dfile.encoding=windows-1252 -Duser.country=US -Duser.language=en -Duser.variant org.gradle.launcher.daemon.bootstrap.GradleDaemon 8.0.1

Host: Intel(R) Core(TM) i7-4790 CPU @ 3.60GHz, 8 cores, 15G,  Windows 10 , 64 bit Build 19041 (10.0.19041.3570)
Time: Mon Nov 13 09:52:34 2023 Pacific Standard Time elapsed time: 33.437237 seconds (0d 0h 0m 33s)

---------------  T H R E A D  ---------------

Current thread (0x000001919e944800):  JavaThread "C2 CompilerThread1" daemon [_thread_in_native, id=7100, stack(0x00000016a4600000,0x00000016a4700000)]


Current CompileTask:
C2:  33437 12786   !   4       org.gradle.api.internal.provider.DefaultValueSourceProviderFactory$LazilyObtainedValue::obtain (145 bytes)

Stack: [0x00000016a4600000,0x00000016a4700000],  sp=0x00000016a46fb620,  free space=1005k
Native frames: (J=compiled Java code, j=interpreted, Vv=VM code, C=native code)
V  [jvm.dll+0x65c6ab]
V  [jvm.dll+0x212c25]
V  [jvm.dll+0x20ab93]
V  [jvm.dll+0x20881b]
V  [jvm.dll+0x18a7de]
V  [jvm.dll+0x2181ec]
V  [jvm.dll+0x21642b]
V  [jvm.dll+0x77efc0]
V  [jvm.dll+0x777db4]
V  [jvm.dll+0x62d845]
C  [ucrtbase.dll+0x21bb2]
C  [KERNEL32.DLL+0x17344]
C  [ntdll.dll+0x526b1]


siginfo: EXCEPTION_ACCESS_VIOLATION (0xc0000005), reading address 0x0000000000000008


Register to memory mapping:

RIP=0x00007ffd9b49c6ab jvm.dll
RAX=0x00000191a5f2afc0 points into unknown readable memory: 0x00000191ff946b80 | 80 6b 94 ff 91 01 00 00
RBX=0x00000191a479b5f0 points into unknown readable memory: 0x00007ffd9b6c4eb0 | b0 4e 6c 9b fd 7f 00 00
RCX=0x0000000000000008 is an unknown value
RDX=0x00000016a46fe740 is pointing into the stack for thread: 0x000001919e944800
RSP=0x00000016a46fb620 is pointing into the stack for thread: 0x000001919e944800
RBP=0x00000016a46fb6b9 is pointing into the stack for thread: 0x000001919e944800
RSI=0x0000000000005802 is an unknown value
RDI=0x00000016a46fb890 is pointing into the stack for thread: 0x000001919e944800
R8 =0x00000191a98fbbb0 points into unknown readable memory: 0x00007ffd9b770048 | 48 00 77 9b fd 7f 00 00
R9 =0x0 is NULL
R10=0x0000000080000001 is pointing into object: [B 
{0x0000000080000000} - klass: {type array byte}
 - length: 3164586
R11=0x00007ffd9b76f3c0 jvm.dll
R12=0x0 is NULL
R13=0x00000016a46fb890 is pointing into the stack for thread: 0x000001919e944800
R14=0x000000000002c010 is an unknown value
R15=0x00000191ff946b10 points into unknown readable memory: 0x00007ffd9b76f430 | 30 f4 76 9b fd 7f 00 00


Registers:
RAX=0x00000191a5f2afc0, RBX=0x00000191a479b5f0, RCX=0x0000000000000008, RDX=0x00000016a46fe740
RSP=0x00000016a46fb620, RBP=0x00000016a46fb6b9, RSI=0x0000000000005802, RDI=0x00000016a46fb890
R8 =0x00000191a98fbbb0, R9 =0x0000000000000000, R10=0x0000000080000001, R11=0x00007ffd9b76f3c0
R12=0x0000000000000000, R13=0x00000016a46fb890, R14=0x000000000002c010, R15=0x00000191ff946b10
RIP=0x00007ffd9b49c6ab, EFLAGS=0x0000000000010202

Top of Stack: (sp=0x00000016a46fb620)
0x00000016a46fb620:   00000191a479b5f0 00000016a46fb890
0x00000016a46fb630:   0000000000002155 00007ffd9b5ce5e9
0x00000016a46fb640:   00000191a98fb920 00000016a46fb6b9
0x00000016a46fb650:   0000000000002188 0000000000002187
0x00000016a46fb660:   000000000000001e 00007ffd9b052c25
0x00000016a46fb670:   00000191a479b5f0 00000016a46fb6b9
0x00000016a46fb680:   00000191a3edbd40 0000000000000000
0x00000016a46fb690:   00000191a0970a50 0000000000004000
0x00000016a46fb6a0:   00000191a418ce80 00007ffd00002188
0x00000016a46fb6b0:   00007ffd9b756ff8 00000191a0970a50
0x00000016a46fb6c0:   0000019100000400 00000191a5e86540
0x00000016a46fb6d0:   0000000000000000 0000001beeab7f94
0x00000016a46fb6e0:   0000000000000000 00000191a3edbd40
0x00000016a46fb6f0:   0000000000000008 00000191a3edbd48
0x00000016a46fb700:   00000191a0970a50 00007ffd9b6f3e20
0x00000016a46fb710:   00000016a46fb820 00007ffd9b04ab93 

Instructions: (pc=0x00007ffd9b49c6ab)
0x00007ffd9b49c5ab:   08 49 3b c8 7c ef eb 0d 48 8d 54 24 50 49 8b c9
0x00007ffd9b49c5bb:   e8 90 25 b3 ff 48 8b 06 48 8b ce ff 10 3d e2 00
0x00007ffd9b49c5cb:   00 00 75 41 49 8b 46 10 48 8b cf 48 89 74 24 50
0x00007ffd9b49c5db:   4c 8b 80 a0 01 00 00 49 63 00 85 c0 7e 27 48 8b
0x00007ffd9b49c5eb:   d0 49 8b 40 18 48 39 30 74 0e 48 ff c1 48 83 c0
0x00007ffd9b49c5fb:   08 48 3b ca 7c ef eb 0d 48 8d 54 24 50 49 8b c8
0x00007ffd9b49c60b:   e8 40 25 b3 ff 48 8b 05 69 89 45 00 48 8b d6 48
0x00007ffd9b49c61b:   8b 48 28 48 8b 01 ff 90 b0 00 00 00 49 8b 04 24
0x00007ffd9b49c62b:   bd 00 40 00 00 49 3b 44 24 10 0f 83 79 fb ff ff
0x00007ffd9b49c63b:   4c 8b 7c 24 20 4c 8b 6c 24 68 48 8b 74 24 60 48
0x00007ffd9b49c64b:   8b 6c 24 58 48 83 c4 28 41 5e 41 5c 5f 5b c3 cc
0x00007ffd9b49c65b:   cc cc cc cc cc 40 56 57 41 54 48 83 ec 30 45 33
0x00007ffd9b49c66b:   e4 48 8b f9 41 8b f4 44 39 61 48 0f 86 12 01 00
0x00007ffd9b49c67b:   00 48 89 5c 24 50 48 89 6c 24 58 4c 89 74 24 60
0x00007ffd9b49c68b:   4c 89 7c 24 68 8b c6 4c 8d 34 c5 00 00 00 00 48
0x00007ffd9b49c69b:   8b 47 50 49 8b 0c 06 48 85 c9 0f 84 c4 00 00 00
0x00007ffd9b49c6ab:   48 8b 01 ff 90 80 00 00 00 8b 4f 48 4c 8b f8 3b
0x00007ffd9b49c6bb:   f1 0f 82 a5 00 00 00 85 c9 75 51 48 8b 5f 40 c7
0x00007ffd9b49c6cb:   47 48 01 00 00 00 48 8b 43 18 48 83 f8 ef 76 16
0x00007ffd9b49c6db:   8d 51 10 48 8b cb 4c 8d 05 48 90 22 00 e8 33 68
0x00007ffd9b49c6eb:   a6 ff 48 8b 43 18 48 8d 48 10 48 3b 4b 20 76 11
0x00007ffd9b49c6fb:   45 33 c0 48 8b cb 41 8d 50 10 e8 b6 64 a6 ff eb
0x00007ffd9b49c70b:   04 48 89 4b 18 48 89 47 50 4c 89 20 8b 6f 48 8b
0x00007ffd9b49c71b:   c5 3b f5 72 09 03 c0 3b f0 73 fa 89 47 48 48 8b
0x00007ffd9b49c72b:   57 50 48 8d 1c ed 00 00 00 00 48 8b 4f 40 4c 8b
0x00007ffd9b49c73b:   c3 44 8b c8 49 c1 e1 03 44 89 64 24 20 e8 63 5f
0x00007ffd9b49c74b:   a6 ff 44 8b 47 48 33 d2 44 2b c5 48 89 47 50 49
0x00007ffd9b49c75b:   c1 e0 03 48 8d 0c 03 e8 1b 47 19 00 48 8b 47 50
0x00007ffd9b49c76b:   4d 89 3c 06 ff c6 3b 77 48 0f 82 16 ff ff ff 4c
0x00007ffd9b49c77b:   8b 7c 24 68 4c 8b 74 24 60 48 8b 6c 24 58 48 8b
0x00007ffd9b49c78b:   5c 24 50 48 83 c4 30 41 5c 5f 5e c3 cc cc cc cc
0x00007ffd9b49c79b:   cc cc cc cc cc 40 53 41 54 41 55 41 57 48 83 ec 


Stack slot to memory mapping:
stack at sp + 0 slots: 0x00000191a479b5f0 points into unknown readable memory: 0x00007ffd9b6c4eb0 | b0 4e 6c 9b fd 7f 00 00
stack at sp + 1 slots: 0x00000016a46fb890 is pointing into the stack for thread: 0x000001919e944800
stack at sp + 2 slots: 0x0000000000002155 is an unknown value
stack at sp + 3 slots: 0x00007ffd9b5ce5e9 jvm.dll
stack at sp + 4 slots: 0x00000191a98fb920 points into unknown readable memory: 0x00007ffd9b770048 | 48 00 77 9b fd 7f 00 00
stack at sp + 5 slots: 0x00000016a46fb6b9 is pointing into the stack for thread: 0x000001919e944800
stack at sp + 6 slots: 0x0000000000002188 is an unknown value
stack at sp + 7 slots: 0x0000000000002187 is an unknown value


---------------  P R O C E S S  ---------------

Threads class SMR info:
_java_thread_list=0x00000191a4b08b80, length=136, elements={
0x00000191f767d800, 0x00000191ff071800, 0x00000191ff073000, 0x00000191ff8f5800,
0x00000191ff8f6000, 0x00000191ff8f9000, 0x00000191ff904000, 0x00000191ff908800,
0x00000191ff913800, 0x00000191ffa76800, 0x000001919afd9000, 0x000001919ada5800,
0x000001919ac99800, 0x000001919b090000, 0x000001919b3bd000, 0x000001919afae800,
0x000001919b238800, 0x000001919b8df800, 0x000001919b39f800, 0x000001919b04c800,
0x000001919b2fe800, 0x000001919b302000, 0x000001919b300800, 0x000001919b301000,
0x000001919b302800, 0x000001919b303800, 0x000001919b2fe000, 0x000001919b304800,
0x000001919b2ff800, 0x000001919cb56000, 0x000001919cb57000, 0x000001919cb55000,
0x000001919cb58800, 0x000001919cb53800, 0x000001919cb5f000, 0x000001919cb5a000,
0x000001919cb60800, 0x000001919cb5b800, 0x000001919cb60000, 0x000001919cb5c800,
0x000001919cb5e000, 0x000001919cb5b000, 0x000001919cb61800, 0x000001919cb5d800,
0x000001919cb62000, 0x000001919c379800, 0x000001919c37c000, 0x000001919c37a000,
0x000001919c377800, 0x000001919c378800, 0x000001919c37c800, 0x000001919c377000,
0x000001919c37b000, 0x000001919c37d800, 0x000001919c913000, 0x000001919c915800,
0x000001919c916800, 0x000001919c914000, 0x000001919c911800, 0x000001919c914800,
0x000001919c917000, 0x000001919c912000, 0x000001919c91d800, 0x000001919c91b000,
0x000001919c918000, 0x000001919c91e800, 0x000001919c918800, 0x000001919c91a800,
0x000001919c91f800, 0x000001919c919800, 0x000001919c91d000, 0x000001919c920000,
0x000001919e743800, 0x000001919e744800, 0x000001919e745800, 0x000001919e73f800,
0x000001919e742000, 0x000001919e746000, 0x000001919e743000, 0x000001919e740800,
0x000001919e741000, 0x000001919ca68000, 0x000001919ca6b800, 0x000001919ca69000,
0x000001919ca6a800, 0x000001919ca6c000, 0x000001919ca6e000, 0x000001919ca6d000,
0x000001919ca6e800, 0x000001919ca69800, 0x000001919b980000, 0x000001919b985000,
0x000001919b985800, 0x000001919b984000, 0x000001919b982800, 0x000001919b981800,
0x000001919b983800, 0x000001919b986800, 0x000001919b981000, 0x000001919b98a800,
0x000001919b988000, 0x000001919b98d000, 0x000001919b98b800, 0x000001919b989000,
0x000001919b98a000, 0x000001919b98c800, 0x000001919b987800, 0x000001919b98e000,
0x000001919b98e800, 0x000001919a4cb000, 0x000001919a4c5800, 0x000001919a4ca800,
0x000001919a4cc000, 0x000001919a4c6000, 0x000001919a4c8800, 0x000001919a4c9800,
0x000001919a4cc800, 0x000001919a4c7000, 0x000001919a4cd800, 0x000001919a4c8000,
0x000001919a4d3800, 0x000001919a4d1000, 0x000001919a4d0000, 0x000001919a4d4000,
0x000001919a4d1800, 0x000001919a4d2800, 0x000001919a4ce800, 0x000001919a4cf000,
0x0000019199acf000, 0x0000019199ace000, 0x0000019199acf800, 0x0000019199acb000,
0x0000019199acb800, 0x000001919e944800, 0x00000191a013f800, 0x0000019199ad0800
}

Java Threads: ( => current thread )
  0x00000191f767d800 JavaThread "main" [_thread_blocked, id=12120, stack(0x000000169cf00000,0x000000169d000000)]
  0x00000191ff071800 JavaThread "Reference Handler" daemon [_thread_blocked, id=696, stack(0x000000169d600000,0x000000169d700000)]
  0x00000191ff073000 JavaThread "Finalizer" daemon [_thread_blocked, id=11092, stack(0x000000169d700000,0x000000169d800000)]
  0x00000191ff8f5800 JavaThread "Signal Dispatcher" daemon [_thread_blocked, id=11236, stack(0x000000169d800000,0x000000169d900000)]
  0x00000191ff8f6000 JavaThread "Attach Listener" daemon [_thread_blocked, id=7788, stack(0x000000169d900000,0x000000169da00000)]
  0x00000191ff8f9000 JavaThread "Service Thread" daemon [_thread_blocked, id=7784, stack(0x000000169da00000,0x000000169db00000)]
  0x00000191ff904000 JavaThread "C2 CompilerThread0" daemon [_thread_in_native, id=7792, stack(0x000000169db00000,0x000000169dc00000)]
  0x00000191ff908800 JavaThread "C1 CompilerThread0" daemon [_thread_in_native, id=6896, stack(0x000000169dc00000,0x000000169dd00000)]
  0x00000191ff913800 JavaThread "Sweeper thread" daemon [_thread_blocked, id=11184, stack(0x000000169dd00000,0x000000169de00000)]
  0x00000191ffa76800 JavaThread "Common-Cleaner" daemon [_thread_blocked, id=8724, stack(0x000000169de00000,0x000000169df00000)]
  0x000001919afd9000 JavaThread "Daemon health stats" [_thread_blocked, id=9564, stack(0x000000169e700000,0x000000169e800000)]
  0x000001919ada5800 JavaThread "Incoming local TCP Connector on port 50539" [_thread_in_native, id=2160, stack(0x000000169e800000,0x000000169e900000)]
  0x000001919ac99800 JavaThread "Daemon periodic checks" [_thread_blocked, id=2336, stack(0x000000169e900000,0x000000169ea00000)]
  0x000001919b090000 JavaThread "Daemon" [_thread_blocked, id=7912, stack(0x000000169ea00000,0x000000169eb00000)]
  0x000001919b3bd000 JavaThread "Handler for socket connection from /127.0.0.1:50539 to /127.0.0.1:50540" [_thread_in_native, id=11420, stack(0x000000169eb00000,0x000000169ec00000)]
  0x000001919afae800 JavaThread "Cancel handler" [_thread_blocked, id=11008, stack(0x000000169ec00000,0x000000169ed00000)]
  0x000001919b238800 JavaThread "Daemon worker" [_thread_blocked, id=11984, stack(0x000000169ed00000,0x000000169ee00000)]
  0x000001919b8df800 JavaThread "Asynchronous log dispatcher for DefaultDaemonConnection: socket connection from /127.0.0.1:50539 to /127.0.0.1:50540" [_thread_blocked, id=7960, stack(0x000000169ee00000,0x000000169ef00000)]
  0x000001919b39f800 JavaThread "Stdin handler" [_thread_blocked, id=6288, stack(0x000000169ef00000,0x000000169f000000)]
  0x000001919b04c800 JavaThread "Daemon client event forwarder" [_thread_blocked, id=8656, stack(0x000000169f000000,0x000000169f100000)]
  0x000001919b2fe800 JavaThread "Cache worker for journal cache (C:\Users\Hamza\.gradle\caches\journal-1)" [_thread_blocked, id=884, stack(0x000000169f100000,0x000000169f200000)]
  0x000001919b302000 JavaThread "File lock request listener" [_thread_in_native, id=3368, stack(0x000000169f200000,0x000000169f300000)]
  0x000001919b300800 JavaThread "Cache worker for file hash cache (C:\Users\Hamza\.gradle\caches\8.0.1\fileHashes)" [_thread_blocked, id=5264, stack(0x000000169f600000,0x000000169f700000)]
  0x000001919b301000 JavaThread "File watcher server" daemon [_thread_in_native, id=11280, stack(0x000000169f700000,0x000000169f800000)]
  0x000001919b302800 JavaThread "File watcher consumer" daemon [_thread_blocked, id=4240, stack(0x000000169f800000,0x000000169f900000)]
  0x000001919b303800 JavaThread "Cache worker for checksums cache (D:\Muhammad Hamza Tabani\Apps\LuxuryTresses\android\.gradle\8.0.1\checksums)" [_thread_blocked, id=2432, stack(0x000000169f900000,0x000000169fa00000)]
  0x000001919b2fe000 JavaThread "Cache worker for cache directory md-rule (C:\Users\Hamza\.gradle\caches\8.0.1\md-rule)" [_thread_blocked, id=4664, stack(0x000000169fa00000,0x000000169fb00000)]
  0x000001919b304800 JavaThread "Cache worker for file content cache (C:\Users\Hamza\.gradle\caches\8.0.1\fileContent)" [_thread_blocked, id=5228, stack(0x000000169fb00000,0x000000169fc00000)]
  0x000001919b2ff800 JavaThread "Cache worker for file hash cache (D:\Muhammad Hamza Tabani\Apps\LuxuryTresses\android\.gradle\8.0.1\fileHashes)" [_thread_blocked, id=12148, stack(0x000000169fc00000,0x000000169fd00000)]
  0x000001919cb56000 JavaThread "Cache worker for cache directory md-supplier (C:\Users\Hamza\.gradle\caches\8.0.1\md-supplier)" [_thread_blocked, id=12152, stack(0x000000169fd00000,0x000000169fe00000)]
  0x000001919cb57000 JavaThread "Cache worker for execution history cache (C:\Users\Hamza\.gradle\caches\8.0.1\executionHistory)" [_thread_blocked, id=9292, stack(0x000000169fe00000,0x000000169ff00000)]
  0x000001919cb55000 JavaThread "jar transforms" [_thread_blocked, id=9532, stack(0x000000169ff00000,0x00000016a0000000)]
  0x000001919cb58800 JavaThread "jar transforms Thread 2" [_thread_blocked, id=9336, stack(0x00000016a0000000,0x00000016a0100000)]
  0x000001919cb53800 JavaThread "jar transforms Thread 3" [_thread_blocked, id=12016, stack(0x00000016a0100000,0x00000016a0200000)]
  0x000001919cb5f000 JavaThread "jar transforms Thread 4" [_thread_blocked, id=1172, stack(0x00000016a0200000,0x00000016a0300000)]
  0x000001919cb5a000 JavaThread "Cache worker for kotlin-dsl (C:\Users\Hamza\.gradle\caches\8.0.1\kotlin-dsl)" [_thread_blocked, id=10904, stack(0x000000169e600000,0x000000169e700000)]
  0x000001919cb60800 JavaThread "jar transforms Thread 5" [_thread_blocked, id=5932, stack(0x00000016a0400000,0x00000016a0500000)]
  0x000001919cb5b800 JavaThread "jar transforms Thread 6" [_thread_blocked, id=6416, stack(0x00000016a0500000,0x00000016a0600000)]
  0x000001919cb60000 JavaThread "Cache worker for dependencies-accessors (D:\Muhammad Hamza Tabani\Apps\LuxuryTresses\android\.gradle\8.0.1\dependencies-accessors)" [_thread_blocked, id=7756, stack(0x00000016a0600000,0x00000016a0700000)]
  0x000001919cb5c800 JavaThread "Cache worker for Build Output Cleanup Cache (D:\Muhammad Hamza Tabani\Apps\LuxuryTresses\node_modules\@react-native\gradle-plugin\.gradle\buildOutputCleanup)" [_thread_blocked, id=8984, stack(0x00000016a0700000,0x00000016a0800000)]
  0x000001919cb5e000 JavaThread "jar transforms Thread 7" [_thread_blocked, id=7560, stack(0x00000016a0800000,0x00000016a0900000)]
  0x000001919cb5b000 JavaThread "Unconstrained build operations" [_thread_blocked, id=2616, stack(0x00000016a0900000,0x00000016a0a00000)]
  0x000001919cb61800 JavaThread "Unconstrained build operations Thread 2" [_thread_blocked, id=11472, stack(0x00000016a0a00000,0x00000016a0b00000)]
  0x000001919cb5d800 JavaThread "Unconstrained build operations Thread 3" [_thread_blocked, id=6532, stack(0x00000016a0b00000,0x00000016a0c00000)]
  0x000001919cb62000 JavaThread "Unconstrained build operations Thread 4" [_thread_blocked, id=3540, stack(0x00000016a0c00000,0x00000016a0d00000)]
  0x000001919c379800 JavaThread "Unconstrained build operations Thread 5" [_thread_blocked, id=8628, stack(0x00000016a0d00000,0x00000016a0e00000)]
  0x000001919c37c000 JavaThread "Unconstrained build operations Thread 6" [_thread_blocked, id=10708, stack(0x00000016a0e00000,0x00000016a0f00000)]
  0x000001919c37a000 JavaThread "Unconstrained build operations Thread 7" [_thread_blocked, id=10508, stack(0x00000016a0f00000,0x00000016a1000000)]
  0x000001919c377800 JavaThread "Unconstrained build operations Thread 8" [_thread_blocked, id=11020, stack(0x00000016a1000000,0x00000016a1100000)]
  0x000001919c378800 JavaThread "Unconstrained build operations Thread 9" [_thread_blocked, id=11492, stack(0x00000016a1100000,0x00000016a1200000)]
  0x000001919c37c800 JavaThread "Unconstrained build operations Thread 10" [_thread_blocked, id=3460, stack(0x00000016a1200000,0x00000016a1300000)]
  0x000001919c377000 JavaThread "Unconstrained build operations Thread 11" [_thread_blocked, id=8352, stack(0x00000016a1300000,0x00000016a1400000)]
  0x000001919c37b000 JavaThread "Unconstrained build operations Thread 12" [_thread_blocked, id=6236, stack(0x00000016a1400000,0x00000016a1500000)]
  0x000001919c37d800 JavaThread "Unconstrained build operations Thread 13" [_thread_blocked, id=7296, stack(0x00000016a1500000,0x00000016a1600000)]
  0x000001919c913000 JavaThread "Unconstrained build operations Thread 14" [_thread_blocked, id=3588, stack(0x00000016a1600000,0x00000016a1700000)]
  0x000001919c915800 JavaThread "Unconstrained build operations Thread 15" [_thread_blocked, id=11992, stack(0x00000016a1700000,0x00000016a1800000)]
  0x000001919c916800 JavaThread "Unconstrained build operations Thread 16" [_thread_blocked, id=5788, stack(0x00000016a1800000,0x00000016a1900000)]
  0x000001919c914000 JavaThread "Unconstrained build operations Thread 17" [_thread_blocked, id=7744, stack(0x00000016a1900000,0x00000016a1a00000)]
  0x000001919c911800 JavaThread "Unconstrained build operations Thread 18" [_thread_blocked, id=8596, stack(0x00000016a1a00000,0x00000016a1b00000)]
  0x000001919c914800 JavaThread "Unconstrained build operations Thread 19" [_thread_blocked, id=11956, stack(0x00000016a1b00000,0x00000016a1c00000)]
  0x000001919c917000 JavaThread "Unconstrained build operations Thread 20" [_thread_blocked, id=7776, stack(0x00000016a1c00000,0x00000016a1d00000)]
  0x000001919c912000 JavaThread "Unconstrained build operations Thread 21" [_thread_blocked, id=8232, stack(0x00000016a1d00000,0x00000016a1e00000)]
  0x000001919c91d800 JavaThread "Unconstrained build operations Thread 22" [_thread_blocked, id=5412, stack(0x00000016a1e00000,0x00000016a1f00000)]
  0x000001919c91b000 JavaThread "Unconstrained build operations Thread 23" [_thread_blocked, id=5520, stack(0x00000016a1f00000,0x00000016a2000000)]
  0x000001919c918000 JavaThread "Unconstrained build operations Thread 24" [_thread_blocked, id=5924, stack(0x00000016a2000000,0x00000016a2100000)]
  0x000001919c91e800 JavaThread "Unconstrained build operations Thread 25" [_thread_blocked, id=5408, stack(0x00000016a2100000,0x00000016a2200000)]
  0x000001919c918800 JavaThread "Unconstrained build operations Thread 26" [_thread_blocked, id=9856, stack(0x00000016a2200000,0x00000016a2300000)]
  0x000001919c91a800 JavaThread "jar transforms Thread 8" [_thread_blocked, id=5792, stack(0x00000016a2300000,0x00000016a2400000)]
  0x000001919c91f800 JavaThread "Memory manager" [_thread_blocked, id=1384, stack(0x00000016a2400000,0x00000016a2500000)]
  0x000001919c919800 JavaThread "Cache worker for Build Output Cleanup Cache (D:\Muhammad Hamza Tabani\Apps\LuxuryTresses\android\.gradle\buildOutputCleanup)" [_thread_blocked, id=4180, stack(0x00000016a0300000,0x00000016a0400000)]
  0x000001919c91d000 JavaThread "included builds" [_thread_blocked, id=8236, stack(0x00000016a2600000,0x00000016a2700000)]
  0x000001919c920000 JavaThread "Execution worker" [_thread_blocked, id=5352, stack(0x00000016a2700000,0x00000016a2800000)]
  0x000001919e743800 JavaThread "Execution worker Thread 2" [_thread_blocked, id=7464, stack(0x00000016a2800000,0x00000016a2900000)]
  0x000001919e744800 JavaThread "Execution worker Thread 3" [_thread_in_Java, id=7364, stack(0x00000016a2900000,0x00000016a2a00000)]
  0x000001919e745800 JavaThread "Execution worker Thread 4" [_thread_blocked, id=6160, stack(0x00000016a2a00000,0x00000016a2b00000)]
  0x000001919e73f800 JavaThread "Execution worker Thread 5" [_thread_blocked, id=7800, stack(0x00000016a2b00000,0x00000016a2c00000)]
  0x000001919e742000 JavaThread "Execution worker Thread 6" [_thread_blocked, id=12112, stack(0x00000016a2c00000,0x00000016a2d00000)]
  0x000001919e746000 JavaThread "Execution worker Thread 7" [_thread_blocked, id=6716, stack(0x00000016a2d00000,0x00000016a2e00000)]
  0x000001919e743000 JavaThread "Cache worker for execution history cache (D:\Muhammad Hamza Tabani\Apps\LuxuryTresses\node_modules\@react-native\gradle-plugin\.gradle\8.0.1\executionHistory)" [_thread_blocked, id=12044, stack(0x00000016a2e00000,0x00000016a2f00000)]
  0x000001919e740800 JavaThread "Unconstrained build operations Thread 27" [_thread_blocked, id=10368, stack(0x000000169e000000,0x000000169e100000)]
  0x000001919e741000 JavaThread "Unconstrained build operations Thread 28" [_thread_blocked, id=11740, stack(0x00000016a2500000,0x00000016a2600000)]
  0x000001919ca68000 JavaThread "Unconstrained build operations Thread 29" [_thread_blocked, id=5672, stack(0x00000016a2f00000,0x00000016a3000000)]
  0x000001919ca6b800 JavaThread "Unconstrained build operations Thread 30" [_thread_blocked, id=4852, stack(0x00000016a3000000,0x00000016a3100000)]
  0x000001919ca69000 JavaThread "Unconstrained build operations Thread 31" [_thread_blocked, id=12136, stack(0x00000016a3100000,0x00000016a3200000)]
  0x000001919ca6a800 JavaThread "Unconstrained build operations Thread 32" [_thread_blocked, id=9680, stack(0x00000016a3200000,0x00000016a3300000)]
  0x000001919ca6c000 JavaThread "Unconstrained build operations Thread 33" [_thread_blocked, id=11544, stack(0x00000016a3300000,0x00000016a3400000)]
  0x000001919ca6e000 JavaThread "Unconstrained build operations Thread 34" [_thread_blocked, id=11812, stack(0x00000016a3400000,0x00000016a3500000)]
  0x000001919ca6d000 JavaThread "Unconstrained build operations Thread 35" [_thread_blocked, id=12124, stack(0x00000016a3500000,0x00000016a3600000)]
  0x000001919ca6e800 JavaThread "Unconstrained build operations Thread 36" [_thread_blocked, id=11932, stack(0x00000016a3600000,0x00000016a3700000)]
  0x000001919ca69800 JavaThread "Unconstrained build operations Thread 37" [_thread_blocked, id=8012, stack(0x00000016a3700000,0x00000016a3800000)]
  0x000001919b980000 JavaThread "Unconstrained build operations Thread 38" [_thread_blocked, id=5888, stack(0x00000016a3800000,0x00000016a3900000)]
  0x000001919b985000 JavaThread "Unconstrained build operations Thread 39" [_thread_blocked, id=8152, stack(0x00000016a3900000,0x00000016a3a00000)]
  0x000001919b985800 JavaThread "Unconstrained build operations Thread 40" [_thread_blocked, id=11964, stack(0x00000016a3a00000,0x00000016a3b00000)]
  0x000001919b984000 JavaThread "Unconstrained build operations Thread 41" [_thread_blocked, id=11612, stack(0x00000016a3b00000,0x00000016a3c00000)]
  0x000001919b982800 JavaThread "Unconstrained build operations Thread 42" [_thread_blocked, id=11864, stack(0x00000016a3c00000,0x00000016a3d00000)]
  0x000001919b981800 JavaThread "Unconstrained build operations Thread 43" [_thread_blocked, id=6284, stack(0x00000016a3d00000,0x00000016a3e00000)]
  0x000001919b983800 JavaThread "Unconstrained build operations Thread 44" [_thread_blocked, id=11868, stack(0x00000016a3e00000,0x00000016a3f00000)]
  0x000001919b986800 JavaThread "Unconstrained build operations Thread 45" [_thread_blocked, id=11852, stack(0x00000016a3f00000,0x00000016a4000000)]
  0x000001919b981000 JavaThread "Unconstrained build operations Thread 46" [_thread_blocked, id=7988, stack(0x00000016a4000000,0x00000016a4100000)]
  0x000001919b98a800 JavaThread "Unconstrained build operations Thread 47" [_thread_blocked, id=5956, stack(0x00000016a4100000,0x00000016a4200000)]
  0x000001919b988000 JavaThread "Unconstrained build operations Thread 48" [_thread_blocked, id=11860, stack(0x00000016a4200000,0x00000016a4300000)]
  0x000001919b98d000 JavaThread "Unconstrained build operations Thread 49" [_thread_blocked, id=6028, stack(0x00000016a4300000,0x00000016a4400000)]
  0x000001919b98b800 JavaThread "Unconstrained build operations Thread 50" [_thread_blocked, id=7668, stack(0x00000016a4400000,0x00000016a4500000)]
  0x000001919b989000 JavaThread "Unconstrained build operations Thread 51" [_thread_blocked, id=12080, stack(0x00000016a4500000,0x00000016a4600000)]
  0x000001919b98a000 JavaThread "Unconstrained build operations Thread 52" [_thread_blocked, id=11952, stack(0x00000016a4700000,0x00000016a4800000)]
  0x000001919b98c800 JavaThread "Unconstrained build operations Thread 53" [_thread_blocked, id=5976, stack(0x00000016a4800000,0x00000016a4900000)]
  0x000001919b987800 JavaThread "Unconstrained build operations Thread 54" [_thread_blocked, id=8044, stack(0x00000016a4900000,0x00000016a4a00000)]
  0x000001919b98e000 JavaThread "Unconstrained build operations Thread 55" [_thread_blocked, id=7748, stack(0x00000016a4a00000,0x00000016a4b00000)]
  0x000001919b98e800 JavaThread "Unconstrained build operations Thread 56" [_thread_blocked, id=6772, stack(0x00000016a4b00000,0x00000016a4c00000)]
  0x000001919a4cb000 JavaThread "Unconstrained build operations Thread 57" [_thread_blocked, id=11940, stack(0x00000016a4c00000,0x00000016a4d00000)]
  0x000001919a4c5800 JavaThread "Unconstrained build operations Thread 58" [_thread_blocked, id=5812, stack(0x00000016a4d00000,0x00000016a4e00000)]
  0x000001919a4ca800 JavaThread "Unconstrained build operations Thread 59" [_thread_blocked, id=7236, stack(0x00000016a4e00000,0x00000016a4f00000)]
  0x000001919a4cc000 JavaThread "Unconstrained build operations Thread 60" [_thread_blocked, id=9212, stack(0x00000016a4f00000,0x00000016a5000000)]
  0x000001919a4c6000 JavaThread "Unconstrained build operations Thread 61" [_thread_blocked, id=8824, stack(0x00000016a5000000,0x00000016a5100000)]
  0x000001919a4c8800 JavaThread "Unconstrained build operations Thread 62" [_thread_blocked, id=9704, stack(0x00000016a5100000,0x00000016a5200000)]
  0x000001919a4c9800 JavaThread "Unconstrained build operations Thread 63" [_thread_blocked, id=5968, stack(0x00000016a5200000,0x00000016a5300000)]
  0x000001919a4cc800 JavaThread "Unconstrained build operations Thread 64" [_thread_blocked, id=2680, stack(0x00000016a5300000,0x00000016a5400000)]
  0x000001919a4c7000 JavaThread "Unconstrained build operations Thread 65" [_thread_blocked, id=11968, stack(0x00000016a5400000,0x00000016a5500000)]
  0x000001919a4cd800 JavaThread "Unconstrained build operations Thread 66" [_thread_blocked, id=4908, stack(0x00000016a5500000,0x00000016a5600000)]
  0x000001919a4c8000 JavaThread "Unconstrained build operations Thread 67" [_thread_blocked, id=2216, stack(0x00000016a5600000,0x00000016a5700000)]
  0x000001919a4d3800 JavaThread "Unconstrained build operations Thread 68" [_thread_blocked, id=5680, stack(0x00000016a5700000,0x00000016a5800000)]
  0x000001919a4d1000 JavaThread "Unconstrained build operations Thread 69" [_thread_blocked, id=5988, stack(0x00000016a5800000,0x00000016a5900000)]
  0x000001919a4d0000 JavaThread "Unconstrained build operations Thread 70" [_thread_blocked, id=3888, stack(0x00000016a5900000,0x00000016a5a00000)]
  0x000001919a4d4000 JavaThread "Unconstrained build operations Thread 71" [_thread_blocked, id=11972, stack(0x00000016a5a00000,0x00000016a5b00000)]
  0x000001919a4d1800 JavaThread "Unconstrained build operations Thread 72" [_thread_blocked, id=5272, stack(0x00000016a5b00000,0x00000016a5c00000)]
  0x000001919a4d2800 JavaThread "Unconstrained build operations Thread 73" [_thread_blocked, id=8208, stack(0x00000016a5c00000,0x00000016a5d00000)]
  0x000001919a4ce800 JavaThread "Unconstrained build operations Thread 74" [_thread_blocked, id=11528, stack(0x00000016a5d00000,0x00000016a5e00000)]
  0x000001919a4cf000 JavaThread "Unconstrained build operations Thread 75" [_thread_blocked, id=3520, stack(0x00000016a5e00000,0x00000016a5f00000)]
  0x0000019199acf000 JavaThread "Unconstrained build operations Thread 76" [_thread_blocked, id=496, stack(0x00000016a5f00000,0x00000016a6000000)]
  0x0000019199ace000 JavaThread "Unconstrained build operations Thread 77" [_thread_blocked, id=7052, stack(0x00000016a6000000,0x00000016a6100000)]
  0x0000019199acf800 JavaThread "Unconstrained build operations Thread 78" [_thread_blocked, id=2156, stack(0x00000016a6100000,0x00000016a6200000)]
  0x0000019199acb000 JavaThread "Unconstrained build operations Thread 79" [_thread_blocked, id=10016, stack(0x00000016a6200000,0x00000016a6300000)]
  0x0000019199acb800 JavaThread "Unconstrained build operations Thread 80" [_thread_blocked, id=7972, stack(0x00000016a6300000,0x00000016a6400000)]
=>0x000001919e944800 JavaThread "C2 CompilerThread1" daemon [_thread_in_native, id=7100, stack(0x00000016a4600000,0x00000016a4700000)]
  0x00000191a013f800 JavaThread "C2 CompilerThread2" daemon [_thread_in_native, id=7244, stack(0x00000016a6700000,0x00000016a6800000)]
  0x0000019199ad0800 JavaThread "Cache worker for execution history cache (D:\Muhammad Hamza Tabani\Apps\LuxuryTresses\android\.gradle\8.0.1\executionHistory)" [_thread_blocked, id=8000, stack(0x00000016a6800000,0x00000016a6900000)]

Other Threads:
  0x00000191ff06f000 VMThread "VM Thread" [stack: 0x000000169d500000,0x000000169d600000] [id=4264]
  0x00000191ffab9000 WatcherThread [stack: 0x000000169df00000,0x000000169e000000] [id=4140]
  0x00000191f7698000 GCTaskThread "GC Thread#0" [stack: 0x000000169d000000,0x000000169d100000] [id=11060]
  0x000001919974c000 GCTaskThread "GC Thread#1" [stack: 0x000000169e100000,0x000000169e200000] [id=9592]
  0x000001919a25f800 GCTaskThread "GC Thread#2" [stack: 0x000000169e200000,0x000000169e300000] [id=2228]
  0x000001919a6af800 GCTaskThread "GC Thread#3" [stack: 0x000000169e300000,0x000000169e400000] [id=9480]
  0x000001919a6b0000 GCTaskThread "GC Thread#4" [stack: 0x000000169e400000,0x000000169e500000] [id=6448]
  0x000001919a1ea800 GCTaskThread "GC Thread#5" [stack: 0x000000169e500000,0x000000169e600000] [id=9416]
  0x000001919c235800 GCTaskThread "GC Thread#6" [stack: 0x000000169f300000,0x000000169f400000] [id=3388]
  0x000001919b1e3800 GCTaskThread "GC Thread#7" [stack: 0x000000169f400000,0x000000169f500000] [id=10032]
  0x00000191f76cb800 ConcurrentGCThread "G1 Main Marker" [stack: 0x000000169d100000,0x000000169d200000] [id=12168]
  0x00000191f76cd000 ConcurrentGCThread "G1 Conc#0" [stack: 0x000000169d200000,0x000000169d300000] [id=7844]
  0x000001919b65f000 ConcurrentGCThread "G1 Conc#1" [stack: 0x000000169f500000,0x000000169f600000] [id=3180]
  0x00000191f775d800 ConcurrentGCThread "G1 Refine#0" [stack: 0x000000169d300000,0x000000169d400000] [id=8436]
  0x00000191a0600800 ConcurrentGCThread "G1 Refine#1" [stack: 0x00000016a6500000,0x00000016a6600000] [id=10924]
  0x00000191f775e800 ConcurrentGCThread "G1 Young RemSet Sampling" [stack: 0x000000169d400000,0x000000169d500000] [id=4988]

Threads with active compile tasks:
C2 CompilerThread0    33487 12929       4       org.gradle.api.internal.collections.DefaultPendingSource::removeByProvider (50 bytes)
C2 CompilerThread1    33487 12786   !   4       org.gradle.api.internal.provider.DefaultValueSourceProviderFactory$LazilyObtainedValue::obtain (145 bytes)
C2 CompilerThread2    33487 12682       4       org.gradle.api.internal.provider.DefaultValueSourceProviderFactory$ValueSourceProvider::calculateOwnValue (14 bytes)

VM state:not at safepoint (normal execution)

VM Mutex/Monitor currently owned by a thread: None

Heap address: 0x0000000080000000, size: 2048 MB, Compressed Oops mode: 32-bit
Narrow klass base: 0x0000000000000000, Narrow klass shift: 3
Compressed class space size: 528482304 Address: 0x0000000100000000

Heap:
 garbage-first heap   total 260096K, used 190331K [0x0000000080000000, 0x0000000100000000)
  region size 1024K, 22 young (22528K), 2 survivors (2048K)
 Metaspace       used 107728K, capacity 111665K, committed 111828K, reserved 612352K
  class space    used 14183K, capacity 15724K, committed 15820K, reserved 516096K
Heap Regions: E=young(eden), S=young(survivor), O=old, HS=humongous(starts), HC=humongous(continues), CS=collection set, F=free, A=archive, TAMS=top-at-mark-start (previous, next)
|   0|0x0000000080000000, 0x0000000080100000, 0x0000000080100000|100%|HS|  |TAMS 0x0000000080100000, 0x0000000080000000| Complete 
|   1|0x0000000080100000, 0x0000000080200000, 0x0000000080200000|100%|HC|  |TAMS 0x0000000080200000, 0x0000000080100000| Complete 
|   2|0x0000000080200000, 0x0000000080300000, 0x0000000080300000|100%|HC|  |TAMS 0x0000000080300000, 0x0000000080200000| Complete 
|   3|0x0000000080300000, 0x0000000080400000, 0x0000000080400000|100%|HC|  |TAMS 0x0000000080400000, 0x0000000080300000| Complete 
|   4|0x0000000080400000, 0x0000000080500000, 0x0000000080500000|100%| O|  |TAMS 0x0000000080500000, 0x0000000080400000| Untracked 
|   5|0x0000000080500000, 0x0000000080600000, 0x0000000080600000|100%| O|  |TAMS 0x0000000080600000, 0x0000000080500000| Untracked 
|   6|0x0000000080600000, 0x0000000080700000, 0x0000000080700000|100%| O|  |TAMS 0x0000000080700000, 0x0000000080600000| Untracked 
|   7|0x0000000080700000, 0x0000000080800000, 0x0000000080800000|100%| O|  |TAMS 0x0000000080800000, 0x0000000080700000| Untracked 
|   8|0x0000000080800000, 0x0000000080900000, 0x0000000080900000|100%| O|  |TAMS 0x0000000080900000, 0x0000000080800000| Untracked 
|   9|0x0000000080900000, 0x0000000080a00000, 0x0000000080a00000|100%| O|  |TAMS 0x0000000080a00000, 0x0000000080900000| Untracked 
|  10|0x0000000080a00000, 0x0000000080b00000, 0x0000000080b00000|100%| O|  |TAMS 0x0000000080b00000, 0x0000000080a00000| Untracked 
|  11|0x0000000080b00000, 0x0000000080c00000, 0x0000000080c00000|100%| O|  |TAMS 0x0000000080c00000, 0x0000000080b00000| Untracked 
|  12|0x0000000080c00000, 0x0000000080d00000, 0x0000000080d00000|100%| O|  |TAMS 0x0000000080d00000, 0x0000000080c00000| Untracked 
|  13|0x0000000080d00000, 0x0000000080e00000, 0x0000000080e00000|100%| O|  |TAMS 0x0000000080e00000, 0x0000000080d00000| Untracked 
|  14|0x0000000080e00000, 0x0000000080f00000, 0x0000000080f00000|100%| O|  |TAMS 0x0000000080f00000, 0x0000000080e00000| Untracked 
|  15|0x0000000080f00000, 0x0000000081000000, 0x0000000081000000|100%| O|  |TAMS 0x0000000081000000, 0x0000000080f00000| Untracked 
|  16|0x0000000081000000, 0x0000000081100000, 0x0000000081100000|100%| O|  |TAMS 0x0000000081100000, 0x0000000081000000| Untracked 
|  17|0x0000000081100000, 0x0000000081200000, 0x0000000081200000|100%| O|  |TAMS 0x0000000081200000, 0x0000000081100000| Untracked 
|  18|0x0000000081200000, 0x0000000081300000, 0x0000000081300000|100%|HS|  |TAMS 0x0000000081300000, 0x0000000081200000| Complete 
|  19|0x0000000081300000, 0x0000000081400000, 0x0000000081400000|100%|HC|  |TAMS 0x0000000081400000, 0x0000000081300000| Complete 
|  20|0x0000000081400000, 0x0000000081500000, 0x0000000081500000|100%|HS|  |TAMS 0x0000000081500000, 0x0000000081400000| Complete 
|  21|0x0000000081500000, 0x0000000081600000, 0x0000000081600000|100%|HC|  |TAMS 0x0000000081600000, 0x0000000081500000| Complete 
|  22|0x0000000081600000, 0x0000000081700000, 0x0000000081700000|100%|HC|  |TAMS 0x0000000081700000, 0x0000000081600000| Complete 
|  23|0x0000000081700000, 0x0000000081800000, 0x0000000081800000|100%|HC|  |TAMS 0x0000000081800000, 0x0000000081700000| Complete 
|  24|0x0000000081800000, 0x0000000081900000, 0x0000000081900000|100%| O|  |TAMS 0x0000000081900000, 0x0000000081800000| Untracked 
|  25|0x0000000081900000, 0x0000000081a00000, 0x0000000081a00000|100%| O|  |TAMS 0x0000000081a00000, 0x0000000081900000| Untracked 
|  26|0x0000000081a00000, 0x0000000081b00000, 0x0000000081b00000|100%| O|  |TAMS 0x0000000081b00000, 0x0000000081a00000| Untracked 
|  27|0x0000000081b00000, 0x0000000081c00000, 0x0000000081c00000|100%| O|  |TAMS 0x0000000081c00000, 0x0000000081b00000| Untracked 
|  28|0x0000000081c00000, 0x0000000081d00000, 0x0000000081d00000|100%| O|  |TAMS 0x0000000081d00000, 0x0000000081c00000| Untracked 
|  29|0x0000000081d00000, 0x0000000081e00000, 0x0000000081e00000|100%| O|  |TAMS 0x0000000081e00000, 0x0000000081d00000| Untracked 
|  30|0x0000000081e00000, 0x0000000081f00000, 0x0000000081f00000|100%| O|  |TAMS 0x0000000081f00000, 0x0000000081e00000| Untracked 
|  31|0x0000000081f00000, 0x0000000082000000, 0x0000000082000000|100%| O|  |TAMS 0x0000000082000000, 0x0000000081f00000| Untracked 
|  32|0x0000000082000000, 0x0000000082100000, 0x0000000082100000|100%| O|  |TAMS 0x0000000082100000, 0x0000000082000000| Untracked 
|  33|0x0000000082100000, 0x0000000082200000, 0x0000000082200000|100%| O|  |TAMS 0x0000000082200000, 0x0000000082100000| Untracked 
|  34|0x0000000082200000, 0x0000000082300000, 0x0000000082300000|100%| O|  |TAMS 0x0000000082300000, 0x0000000082200000| Untracked 
|  35|0x0000000082300000, 0x0000000082400000, 0x0000000082400000|100%| O|  |TAMS 0x0000000082300000, 0x0000000082300000| Untracked 
|  36|0x0000000082400000, 0x0000000082500000, 0x0000000082500000|100%| O|  |TAMS 0x0000000082500000, 0x0000000082400000| Untracked 
|  37|0x0000000082500000, 0x0000000082600000, 0x0000000082600000|100%|HS|  |TAMS 0x0000000082600000, 0x0000000082500000| Complete 
|  38|0x0000000082600000, 0x0000000082700000, 0x0000000082700000|100%|HS|  |TAMS 0x0000000082700000, 0x0000000082600000| Complete 
|  39|0x0000000082700000, 0x0000000082800000, 0x0000000082800000|100%| O|  |TAMS 0x0000000082800000, 0x0000000082700000| Untracked 
|  40|0x0000000082800000, 0x0000000082900000, 0x0000000082900000|100%| O|  |TAMS 0x0000000082900000, 0x0000000082800000| Untracked 
|  41|0x0000000082900000, 0x0000000082a00000, 0x0000000082a00000|100%| O|  |TAMS 0x0000000082a00000, 0x0000000082900000| Untracked 
|  42|0x0000000082a00000, 0x0000000082b00000, 0x0000000082b00000|100%| O|  |TAMS 0x0000000082b00000, 0x0000000082a00000| Untracked 
|  43|0x0000000082b00000, 0x0000000082c00000, 0x0000000082c00000|100%| O|  |TAMS 0x0000000082c00000, 0x0000000082b00000| Untracked 
|  44|0x0000000082c00000, 0x0000000082d00000, 0x0000000082d00000|100%| O|  |TAMS 0x0000000082d00000, 0x0000000082c00000| Untracked 
|  45|0x0000000082d00000, 0x0000000082e00000, 0x0000000082e00000|100%| O|  |TAMS 0x0000000082e00000, 0x0000000082d00000| Untracked 
|  46|0x0000000082e00000, 0x0000000082f00000, 0x0000000082f00000|100%| O|  |TAMS 0x0000000082f00000, 0x0000000082e00000| Untracked 
|  47|0x0000000082f00000, 0x0000000083000000, 0x0000000083000000|100%| O|  |TAMS 0x0000000083000000, 0x0000000082f00000| Untracked 
|  48|0x0000000083000000, 0x0000000083100000, 0x0000000083100000|100%| O|  |TAMS 0x0000000083100000, 0x0000000083000000| Untracked 
|  49|0x0000000083100000, 0x0000000083200000, 0x0000000083200000|100%| O|  |TAMS 0x0000000083200000, 0x0000000083100000| Untracked 
|  50|0x0000000083200000, 0x0000000083300000, 0x0000000083300000|100%| O|  |TAMS 0x0000000083300000, 0x0000000083200000| Untracked 
|  51|0x0000000083300000, 0x0000000083400000, 0x0000000083400000|100%| O|  |TAMS 0x0000000083400000, 0x0000000083300000| Untracked 
|  52|0x0000000083400000, 0x0000000083500000, 0x0000000083500000|100%| O|  |TAMS 0x0000000083500000, 0x0000000083400000| Untracked 
|  53|0x0000000083500000, 0x0000000083600000, 0x0000000083600000|100%| O|  |TAMS 0x0000000083600000, 0x0000000083500000| Untracked 
|  54|0x0000000083600000, 0x0000000083700000, 0x0000000083700000|100%| O|  |TAMS 0x0000000083700000, 0x0000000083600000| Untracked 
|  55|0x0000000083700000, 0x0000000083800000, 0x0000000083800000|100%| O|  |TAMS 0x0000000083800000, 0x0000000083700000| Untracked 
|  56|0x0000000083800000, 0x0000000083900000, 0x0000000083900000|100%| O|  |TAMS 0x0000000083900000, 0x0000000083800000| Untracked 
|  57|0x0000000083900000, 0x0000000083a00000, 0x0000000083a00000|100%| O|  |TAMS 0x0000000083a00000, 0x0000000083900000| Untracked 
|  58|0x0000000083a00000, 0x0000000083b00000, 0x0000000083b00000|100%| O|  |TAMS 0x0000000083b00000, 0x0000000083a00000| Untracked 
|  59|0x0000000083b00000, 0x0000000083c00000, 0x0000000083c00000|100%| O|  |TAMS 0x0000000083c00000, 0x0000000083b00000| Untracked 
|  60|0x0000000083c00000, 0x0000000083d00000, 0x0000000083d00000|100%| O|  |TAMS 0x0000000083d00000, 0x0000000083c00000| Untracked 
|  61|0x0000000083d00000, 0x0000000083e00000, 0x0000000083e00000|100%| O|  |TAMS 0x0000000083e00000, 0x0000000083d00000| Untracked 
|  62|0x0000000083e00000, 0x0000000083f00000, 0x0000000083f00000|100%| O|  |TAMS 0x0000000083f00000, 0x0000000083e00000| Untracked 
|  63|0x0000000083f00000, 0x0000000084000000, 0x0000000084000000|100%| O|  |TAMS 0x0000000084000000, 0x0000000083f00000| Untracked 
|  64|0x0000000084000000, 0x0000000084100000, 0x0000000084100000|100%| O|  |TAMS 0x0000000084100000, 0x0000000084000000| Untracked 
|  65|0x0000000084100000, 0x0000000084200000, 0x0000000084200000|100%| O|  |TAMS 0x0000000084200000, 0x0000000084100000| Untracked 
|  66|0x0000000084200000, 0x0000000084300000, 0x0000000084300000|100%| O|  |TAMS 0x0000000084300000, 0x0000000084200000| Untracked 
|  67|0x0000000084300000, 0x0000000084400000, 0x0000000084400000|100%| O|  |TAMS 0x0000000084400000, 0x0000000084300000| Untracked 
|  68|0x0000000084400000, 0x0000000084500000, 0x0000000084500000|100%| O|  |TAMS 0x0000000084500000, 0x0000000084400000| Untracked 
|  69|0x0000000084500000, 0x0000000084600000, 0x0000000084600000|100%| O|  |TAMS 0x0000000084600000, 0x0000000084500000| Untracked 
|  70|0x0000000084600000, 0x0000000084700000, 0x0000000084700000|100%| O|  |TAMS 0x0000000084700000, 0x0000000084600000| Untracked 
|  71|0x0000000084700000, 0x0000000084800000, 0x0000000084800000|100%| O|  |TAMS 0x0000000084800000, 0x0000000084700000| Untracked 
|  72|0x0000000084800000, 0x0000000084900000, 0x0000000084900000|100%| O|  |TAMS 0x0000000084900000, 0x0000000084800000| Untracked 
|  73|0x0000000084900000, 0x0000000084a00000, 0x0000000084a00000|100%| O|  |TAMS 0x0000000084a00000, 0x0000000084900000| Untracked 
|  74|0x0000000084a00000, 0x0000000084b00000, 0x0000000084b00000|100%| O|  |TAMS 0x0000000084b00000, 0x0000000084a00000| Untracked 
|  75|0x0000000084b00000, 0x0000000084c00000, 0x0000000084c00000|100%| O|  |TAMS 0x0000000084c00000, 0x0000000084b00000| Untracked 
|  76|0x0000000084c00000, 0x0000000084d00000, 0x0000000084d00000|100%| O|  |TAMS 0x0000000084d00000, 0x0000000084c00000| Untracked 
|  77|0x0000000084d00000, 0x0000000084e00000, 0x0000000084e00000|100%| O|  |TAMS 0x0000000084e00000, 0x0000000084d00000| Untracked 
|  78|0x0000000084e00000, 0x0000000084f00000, 0x0000000084f00000|100%| O|  |TAMS 0x0000000084f00000, 0x0000000084e00000| Untracked 
|  79|0x0000000084f00000, 0x0000000084f00000, 0x0000000085000000|  0%| F|  |TAMS 0x0000000084f00000, 0x0000000084f00000| Untracked 
|  80|0x0000000085000000, 0x0000000085100000, 0x0000000085100000|100%|HS|  |TAMS 0x0000000085100000, 0x0000000085000000| Complete 
|  81|0x0000000085100000, 0x0000000085200000, 0x0000000085200000|100%|HC|  |TAMS 0x0000000085200000, 0x0000000085100000| Complete 
|  82|0x0000000085200000, 0x0000000085300000, 0x0000000085300000|100%|HS|  |TAMS 0x0000000085300000, 0x0000000085200000| Complete 
|  83|0x0000000085300000, 0x0000000085400000, 0x0000000085400000|100%|HC|  |TAMS 0x0000000085400000, 0x0000000085300000| Complete 
|  84|0x0000000085400000, 0x0000000085500000, 0x0000000085500000|100%|HS|  |TAMS 0x0000000085500000, 0x0000000085400000| Complete 
|  85|0x0000000085500000, 0x0000000085600000, 0x0000000085600000|100%|HS|  |TAMS 0x0000000085600000, 0x0000000085500000| Complete 
|  86|0x0000000085600000, 0x0000000085700000, 0x0000000085700000|100%|HS|  |TAMS 0x0000000085700000, 0x0000000085600000| Complete 
|  87|0x0000000085700000, 0x0000000085800000, 0x0000000085800000|100%|HS|  |TAMS 0x0000000085800000, 0x0000000085700000| Complete 
|  88|0x0000000085800000, 0x0000000085900000, 0x0000000085900000|100%|HC|  |TAMS 0x0000000085900000, 0x0000000085800000| Complete 
|  89|0x0000000085900000, 0x0000000085a00000, 0x0000000085a00000|100%|HC|  |TAMS 0x0000000085a00000, 0x0000000085900000| Complete 
|  90|0x0000000085a00000, 0x0000000085b00000, 0x0000000085b00000|100%|HS|  |TAMS 0x0000000085b00000, 0x0000000085a00000| Complete 
|  91|0x0000000085b00000, 0x0000000085c00000, 0x0000000085c00000|100%|HS|  |TAMS 0x0000000085c00000, 0x0000000085b00000| Complete 
|  92|0x0000000085c00000, 0x0000000085d00000, 0x0000000085d00000|100%|HC|  |TAMS 0x0000000085d00000, 0x0000000085c00000| Complete 
|  93|0x0000000085d00000, 0x0000000085e00000, 0x0000000085e00000|100%| O|  |TAMS 0x0000000085e00000, 0x0000000085d00000| Untracked 
|  94|0x0000000085e00000, 0x0000000085f00000, 0x0000000085f00000|100%| O|  |TAMS 0x0000000085f00000, 0x0000000085e00000| Untracked 
|  95|0x0000000085f00000, 0x0000000086000000, 0x0000000086000000|100%| O|  |TAMS 0x0000000086000000, 0x0000000085f00000| Untracked 
|  96|0x0000000086000000, 0x0000000086100000, 0x0000000086100000|100%| O|  |TAMS 0x0000000086100000, 0x0000000086000000| Untracked 
|  97|0x0000000086100000, 0x0000000086200000, 0x0000000086200000|100%| O|  |TAMS 0x0000000086200000, 0x0000000086100000| Untracked 
|  98|0x0000000086200000, 0x0000000086300000, 0x0000000086300000|100%| O|  |TAMS 0x0000000086300000, 0x0000000086200000| Untracked 
|  99|0x0000000086300000, 0x0000000086400000, 0x0000000086400000|100%| O|  |TAMS 0x0000000086400000, 0x0000000086300000| Untracked 
| 100|0x0000000086400000, 0x0000000086500000, 0x0000000086500000|100%| O|  |TAMS 0x0000000086500000, 0x0000000086400000| Untracked 
| 101|0x0000000086500000, 0x0000000086600000, 0x0000000086600000|100%| O|  |TAMS 0x0000000086600000, 0x0000000086500000| Untracked 
| 102|0x0000000086600000, 0x0000000086700000, 0x0000000086700000|100%| O|  |TAMS 0x0000000086700000, 0x0000000086600000| Untracked 
| 103|0x0000000086700000, 0x0000000086800000, 0x0000000086800000|100%| O|  |TAMS 0x0000000086800000, 0x0000000086700000| Untracked 
| 104|0x0000000086800000, 0x0000000086900000, 0x0000000086900000|100%| O|  |TAMS 0x0000000086900000, 0x0000000086800000| Untracked 
| 105|0x0000000086900000, 0x0000000086a00000, 0x0000000086a00000|100%| O|  |TAMS 0x0000000086a00000, 0x0000000086900000| Untracked 
| 106|0x0000000086a00000, 0x0000000086b00000, 0x0000000086b00000|100%| O|  |TAMS 0x0000000086b00000, 0x0000000086a00000| Untracked 
| 107|0x0000000086b00000, 0x0000000086c00000, 0x0000000086c00000|100%| O|  |TAMS 0x0000000086c00000, 0x0000000086b00000| Untracked 
| 108|0x0000000086c00000, 0x0000000086d00000, 0x0000000086d00000|100%| O|  |TAMS 0x0000000086d00000, 0x0000000086c00000| Untracked 
| 109|0x0000000086d00000, 0x0000000086e00000, 0x0000000086e00000|100%|HS|  |TAMS 0x0000000086e00000, 0x0000000086d00000| Complete 
| 110|0x0000000086e00000, 0x0000000086f00000, 0x0000000086f00000|100%|HC|  |TAMS 0x0000000086f00000, 0x0000000086e00000| Complete 
| 111|0x0000000086f00000, 0x0000000087000000, 0x0000000087000000|100%|HS|  |TAMS 0x0000000087000000, 0x0000000086f00000| Complete 
| 112|0x0000000087000000, 0x0000000087100000, 0x0000000087100000|100%|HC|  |TAMS 0x0000000087100000, 0x0000000087000000| Complete 
| 113|0x0000000087100000, 0x0000000087200000, 0x0000000087200000|100%|HC|  |TAMS 0x0000000087200000, 0x0000000087100000| Complete 
| 114|0x0000000087200000, 0x0000000087300000, 0x0000000087300000|100%|HC|  |TAMS 0x0000000087300000, 0x0000000087200000| Complete 
| 115|0x0000000087300000, 0x0000000087400000, 0x0000000087400000|100%| O|  |TAMS 0x0000000087400000, 0x0000000087300000| Untracked 
| 116|0x0000000087400000, 0x0000000087500000, 0x0000000087500000|100%| O|  |TAMS 0x0000000087500000, 0x0000000087400000| Untracked 
| 117|0x0000000087500000, 0x0000000087600000, 0x0000000087600000|100%| O|  |TAMS 0x0000000087600000, 0x0000000087500000| Untracked 
| 118|0x0000000087600000, 0x0000000087700000, 0x0000000087700000|100%| O|  |TAMS 0x0000000087700000, 0x0000000087600000| Untracked 
| 119|0x0000000087700000, 0x0000000087800000, 0x0000000087800000|100%| O|  |TAMS 0x0000000087800000, 0x0000000087700000| Untracked 
| 120|0x0000000087800000, 0x0000000087900000, 0x0000000087900000|100%| O|  |TAMS 0x0000000087900000, 0x0000000087800000| Untracked 
| 121|0x0000000087900000, 0x0000000087a00000, 0x0000000087a00000|100%| O|  |TAMS 0x0000000087a00000, 0x0000000087900000| Untracked 
| 122|0x0000000087a00000, 0x0000000087b00000, 0x0000000087b00000|100%| O|  |TAMS 0x0000000087b00000, 0x0000000087a00000| Untracked 
| 123|0x0000000087b00000, 0x0000000087c00000, 0x0000000087c00000|100%| O|  |TAMS 0x0000000087c00000, 0x0000000087b00000| Untracked 
| 124|0x0000000087c00000, 0x0000000087d00000, 0x0000000087d00000|100%| O|  |TAMS 0x0000000087d00000, 0x0000000087c00000| Untracked 
| 125|0x0000000087d00000, 0x0000000087e00000, 0x0000000087e00000|100%| O|  |TAMS 0x0000000087e00000, 0x0000000087d00000| Untracked 
| 126|0x0000000087e00000, 0x0000000087f00000, 0x0000000087f00000|100%| O|  |TAMS 0x0000000087f00000, 0x0000000087e00000| Untracked 
| 127|0x0000000087f00000, 0x0000000088000000, 0x0000000088000000|100%| O|  |TAMS 0x0000000088000000, 0x0000000087f00000| Untracked 
| 128|0x0000000088000000, 0x0000000088100000, 0x0000000088100000|100%| O|  |TAMS 0x0000000088100000, 0x0000000088000000| Untracked 
| 129|0x0000000088100000, 0x0000000088200000, 0x0000000088200000|100%| O|  |TAMS 0x0000000088200000, 0x0000000088100000| Untracked 
| 130|0x0000000088200000, 0x0000000088300000, 0x0000000088300000|100%| O|  |TAMS 0x0000000088300000, 0x0000000088200000| Untracked 
| 131|0x0000000088300000, 0x0000000088400000, 0x0000000088400000|100%| O|  |TAMS 0x0000000088400000, 0x0000000088300000| Untracked 
| 132|0x0000000088400000, 0x0000000088500000, 0x0000000088500000|100%| O|  |TAMS 0x0000000088500000, 0x0000000088400000| Untracked 
| 133|0x0000000088500000, 0x0000000088600000, 0x0000000088600000|100%| O|  |TAMS 0x0000000088600000, 0x0000000088500000| Untracked 
| 134|0x0000000088600000, 0x0000000088700000, 0x0000000088700000|100%| O|  |TAMS 0x0000000088700000, 0x0000000088600000| Untracked 
| 135|0x0000000088700000, 0x0000000088800000, 0x0000000088800000|100%| O|  |TAMS 0x0000000088800000, 0x0000000088700000| Untracked 
| 136|0x0000000088800000, 0x0000000088900000, 0x0000000088900000|100%| O|  |TAMS 0x0000000088900000, 0x0000000088800000| Untracked 
| 137|0x0000000088900000, 0x0000000088a00000, 0x0000000088a00000|100%| O|  |TAMS 0x0000000088a00000, 0x0000000088900000| Untracked 
| 138|0x0000000088a00000, 0x0000000088b00000, 0x0000000088b00000|100%|HS|  |TAMS 0x0000000088b00000, 0x0000000088a00000| Complete 
| 139|0x0000000088b00000, 0x0000000088c00000, 0x0000000088c00000|100%|HS|  |TAMS 0x0000000088c00000, 0x0000000088b00000| Complete 
| 140|0x0000000088c00000, 0x0000000088d00000, 0x0000000088d00000|100%| O|  |TAMS 0x0000000088d00000, 0x0000000088c00000| Untracked 
| 141|0x0000000088d00000, 0x0000000088e00000, 0x0000000088e00000|100%| O|  |TAMS 0x0000000088e00000, 0x0000000088d00000| Untracked 
| 142|0x0000000088e00000, 0x0000000088f00000, 0x0000000088f00000|100%| O|  |TAMS 0x0000000088f00000, 0x0000000088e00000| Untracked 
| 143|0x0000000088f00000, 0x0000000089000000, 0x0000000089000000|100%| O|  |TAMS 0x0000000089000000, 0x0000000088f00000| Untracked 
| 144|0x0000000089000000, 0x0000000089100000, 0x0000000089100000|100%| O|  |TAMS 0x0000000089100000, 0x0000000089000000| Untracked 
| 145|0x0000000089100000, 0x0000000089200000, 0x0000000089200000|100%| O|  |TAMS 0x0000000089200000, 0x0000000089100000| Untracked 
| 146|0x0000000089200000, 0x0000000089300000, 0x0000000089300000|100%| O|  |TAMS 0x0000000089300000, 0x0000000089200000| Untracked 
| 147|0x0000000089300000, 0x0000000089400000, 0x0000000089400000|100%| O|  |TAMS 0x0000000089400000, 0x0000000089300000| Untracked 
| 148|0x0000000089400000, 0x0000000089500000, 0x0000000089500000|100%| O|  |TAMS 0x0000000089500000, 0x0000000089400000| Untracked 
| 149|0x0000000089500000, 0x0000000089600000, 0x0000000089600000|100%| O|  |TAMS 0x0000000089600000, 0x0000000089500000| Untracked 
| 150|0x0000000089600000, 0x0000000089700000, 0x0000000089700000|100%| O|  |TAMS 0x0000000089700000, 0x0000000089600000| Untracked 
| 151|0x0000000089700000, 0x0000000089800000, 0x0000000089800000|100%| O|  |TAMS 0x0000000089800000, 0x0000000089700000| Untracked 
| 152|0x0000000089800000, 0x0000000089900000, 0x0000000089900000|100%| O|  |TAMS 0x0000000089900000, 0x0000000089800000| Untracked 
| 153|0x0000000089900000, 0x0000000089a00000, 0x0000000089a00000|100%| O|  |TAMS 0x0000000089a00000, 0x0000000089900000| Untracked 
| 154|0x0000000089a00000, 0x0000000089b00000, 0x0000000089b00000|100%| O|  |TAMS 0x0000000089b00000, 0x0000000089a00000| Untracked 
| 155|0x0000000089b00000, 0x0000000089c00000, 0x0000000089c00000|100%| O|  |TAMS 0x0000000089b00000, 0x0000000089b00000| Untracked 
| 156|0x0000000089c00000, 0x0000000089d00000, 0x0000000089d00000|100%| O|  |TAMS 0x0000000089c00000, 0x0000000089c00000| Untracked 
| 157|0x0000000089d00000, 0x0000000089e00000, 0x0000000089e00000|100%| O|  |TAMS 0x0000000089d00000, 0x0000000089d00000| Untracked 
| 158|0x0000000089e00000, 0x0000000089f00000, 0x0000000089f00000|100%| O|  |TAMS 0x0000000089e00000, 0x0000000089e00000| Untracked 
| 159|0x0000000089f00000, 0x000000008a000000, 0x000000008a000000|100%| O|  |TAMS 0x0000000089f00000, 0x0000000089f00000| Untracked 
| 160|0x000000008a000000, 0x000000008a100000, 0x000000008a100000|100%| O|  |TAMS 0x000000008a000000, 0x000000008a000000| Untracked 
| 161|0x000000008a100000, 0x000000008a200000, 0x000000008a200000|100%| O|  |TAMS 0x000000008a100000, 0x000000008a100000| Untracked 
| 162|0x000000008a200000, 0x000000008a300000, 0x000000008a300000|100%| O|  |TAMS 0x000000008a200000, 0x000000008a200000| Untracked 
| 163|0x000000008a300000, 0x000000008a400000, 0x000000008a400000|100%| O|  |TAMS 0x000000008a300000, 0x000000008a300000| Untracked 
| 164|0x000000008a400000, 0x000000008a500000, 0x000000008a500000|100%| O|  |TAMS 0x000000008a400000, 0x000000008a400000| Untracked 
| 165|0x000000008a500000, 0x000000008a600000, 0x000000008a600000|100%| O|  |TAMS 0x000000008a500000, 0x000000008a500000| Untracked 
| 166|0x000000008a600000, 0x000000008a6b9000, 0x000000008a700000| 72%| O|  |TAMS 0x000000008a600000, 0x000000008a600000| Untracked 
| 167|0x000000008a700000, 0x000000008a700000, 0x000000008a800000|  0%| F|  |TAMS 0x000000008a700000, 0x000000008a700000| Untracked 
| 168|0x000000008a800000, 0x000000008a800000, 0x000000008a900000|  0%| F|  |TAMS 0x000000008a800000, 0x000000008a800000| Untracked 
| 169|0x000000008a900000, 0x000000008a900000, 0x000000008aa00000|  0%| F|  |TAMS 0x000000008a900000, 0x000000008a900000| Untracked 
| 170|0x000000008aa00000, 0x000000008aa00000, 0x000000008ab00000|  0%| F|  |TAMS 0x000000008aa00000, 0x000000008aa00000| Untracked 
| 171|0x000000008ab00000, 0x000000008ab00000, 0x000000008ac00000|  0%| F|  |TAMS 0x000000008ab00000, 0x000000008ab00000| Untracked 
| 172|0x000000008ac00000, 0x000000008ac00000, 0x000000008ad00000|  0%| F|  |TAMS 0x000000008ac00000, 0x000000008ac00000| Untracked 
| 173|0x000000008ad00000, 0x000000008ad00000, 0x000000008ae00000|  0%| F|  |TAMS 0x000000008ad00000, 0x000000008ad00000| Untracked 
| 174|0x000000008ae00000, 0x000000008ae00000, 0x000000008af00000|  0%| F|  |TAMS 0x000000008ae00000, 0x000000008ae00000| Untracked 
| 175|0x000000008af00000, 0x000000008af00000, 0x000000008b000000|  0%| F|  |TAMS 0x000000008af00000, 0x000000008af00000| Untracked 
| 176|0x000000008b000000, 0x000000008b000000, 0x000000008b100000|  0%| F|  |TAMS 0x000000008b000000, 0x000000008b000000| Untracked 
| 177|0x000000008b100000, 0x000000008b100000, 0x000000008b200000|  0%| F|  |TAMS 0x000000008b100000, 0x000000008b100000| Untracked 
| 178|0x000000008b200000, 0x000000008b200000, 0x000000008b300000|  0%| F|  |TAMS 0x000000008b200000, 0x000000008b200000| Untracked 
| 179|0x000000008b300000, 0x000000008b300000, 0x000000008b400000|  0%| F|  |TAMS 0x000000008b300000, 0x000000008b300000| Untracked 
| 180|0x000000008b400000, 0x000000008b400000, 0x000000008b500000|  0%| F|  |TAMS 0x000000008b400000, 0x000000008b400000| Untracked 
| 181|0x000000008b500000, 0x000000008b500000, 0x000000008b600000|  0%| F|  |TAMS 0x000000008b500000, 0x000000008b500000| Untracked 
| 182|0x000000008b600000, 0x000000008b600000, 0x000000008b700000|  0%| F|  |TAMS 0x000000008b600000, 0x000000008b600000| Untracked 
| 183|0x000000008b700000, 0x000000008b700000, 0x000000008b800000|  0%| F|  |TAMS 0x000000008b700000, 0x000000008b700000| Untracked 
| 184|0x000000008b800000, 0x000000008b800000, 0x000000008b900000|  0%| F|  |TAMS 0x000000008b800000, 0x000000008b800000| Untracked 
| 185|0x000000008b900000, 0x000000008b900000, 0x000000008ba00000|  0%| F|  |TAMS 0x000000008b900000, 0x000000008b900000| Untracked 
| 186|0x000000008ba00000, 0x000000008ba00000, 0x000000008bb00000|  0%| F|  |TAMS 0x000000008ba00000, 0x000000008ba00000| Untracked 
| 187|0x000000008bb00000, 0x000000008bb00000, 0x000000008bc00000|  0%| F|  |TAMS 0x000000008bb00000, 0x000000008bb00000| Untracked 
| 188|0x000000008bc00000, 0x000000008bc00000, 0x000000008bd00000|  0%| F|  |TAMS 0x000000008bc00000, 0x000000008bc00000| Untracked 
| 189|0x000000008bd00000, 0x000000008bd00000, 0x000000008be00000|  0%| F|  |TAMS 0x000000008bd00000, 0x000000008bd00000| Untracked 
| 190|0x000000008be00000, 0x000000008be00000, 0x000000008bf00000|  0%| F|  |TAMS 0x000000008be00000, 0x000000008be00000| Untracked 
| 191|0x000000008bf00000, 0x000000008bf00000, 0x000000008c000000|  0%| F|  |TAMS 0x000000008bf00000, 0x000000008bf00000| Untracked 
| 192|0x000000008c000000, 0x000000008c000000, 0x000000008c100000|  0%| F|  |TAMS 0x000000008c000000, 0x000000008c000000| Untracked 
| 193|0x000000008c100000, 0x000000008c100000, 0x000000008c200000|  0%| F|  |TAMS 0x000000008c100000, 0x000000008c100000| Untracked 
| 194|0x000000008c200000, 0x000000008c200000, 0x000000008c300000|  0%| F|  |TAMS 0x000000008c200000, 0x000000008c200000| Untracked 
| 195|0x000000008c300000, 0x000000008c300000, 0x000000008c400000|  0%| F|  |TAMS 0x000000008c300000, 0x000000008c300000| Untracked 
| 196|0x000000008c400000, 0x000000008c400000, 0x000000008c500000|  0%| F|  |TAMS 0x000000008c400000, 0x000000008c400000| Untracked 
| 197|0x000000008c500000, 0x000000008c500000, 0x000000008c600000|  0%| F|  |TAMS 0x000000008c500000, 0x000000008c500000| Untracked 
| 198|0x000000008c600000, 0x000000008c600000, 0x000000008c700000|  0%| F|  |TAMS 0x000000008c600000, 0x000000008c600000| Untracked 
| 199|0x000000008c700000, 0x000000008c700000, 0x000000008c800000|  0%| F|  |TAMS 0x000000008c700000, 0x000000008c700000| Untracked 
| 200|0x000000008c800000, 0x000000008c800000, 0x000000008c900000|  0%| F|  |TAMS 0x000000008c800000, 0x000000008c800000| Untracked 
| 201|0x000000008c900000, 0x000000008c900000, 0x000000008ca00000|  0%| F|  |TAMS 0x000000008c900000, 0x000000008c900000| Untracked 
| 202|0x000000008ca00000, 0x000000008ca00000, 0x000000008cb00000|  0%| F|  |TAMS 0x000000008ca00000, 0x000000008ca00000| Untracked 
| 203|0x000000008cb00000, 0x000000008cb00000, 0x000000008cc00000|  0%| F|  |TAMS 0x000000008cb00000, 0x000000008cb00000| Untracked 
| 204|0x000000008cc00000, 0x000000008cc00000, 0x000000008cd00000|  0%| F|  |TAMS 0x000000008cc00000, 0x000000008cc00000| Untracked 
| 205|0x000000008cd00000, 0x000000008cd00000, 0x000000008ce00000|  0%| F|  |TAMS 0x000000008cd00000, 0x000000008cd00000| Untracked 
| 206|0x000000008ce00000, 0x000000008ce00000, 0x000000008cf00000|  0%| F|  |TAMS 0x000000008ce00000, 0x000000008ce00000| Untracked 
| 207|0x000000008cf00000, 0x000000008cf00000, 0x000000008d000000|  0%| F|  |TAMS 0x000000008cf00000, 0x000000008cf00000| Untracked 
| 208|0x000000008d000000, 0x000000008d000000, 0x000000008d100000|  0%| F|  |TAMS 0x000000008d000000, 0x000000008d000000| Untracked 
| 209|0x000000008d100000, 0x000000008d100000, 0x000000008d200000|  0%| F|  |TAMS 0x000000008d100000, 0x000000008d100000| Untracked 
| 210|0x000000008d200000, 0x000000008d200000, 0x000000008d300000|  0%| F|  |TAMS 0x000000008d200000, 0x000000008d200000| Untracked 
| 211|0x000000008d300000, 0x000000008d300000, 0x000000008d400000|  0%| F|  |TAMS 0x000000008d300000, 0x000000008d300000| Untracked 
| 212|0x000000008d400000, 0x000000008d400000, 0x000000008d500000|  0%| F|  |TAMS 0x000000008d400000, 0x000000008d400000| Untracked 
| 213|0x000000008d500000, 0x000000008d500000, 0x000000008d600000|  0%| F|  |TAMS 0x000000008d500000, 0x000000008d500000| Untracked 
| 214|0x000000008d600000, 0x000000008d600000, 0x000000008d700000|  0%| F|  |TAMS 0x000000008d600000, 0x000000008d600000| Untracked 
| 215|0x000000008d700000, 0x000000008d700000, 0x000000008d800000|  0%| F|  |TAMS 0x000000008d700000, 0x000000008d700000| Untracked 
| 216|0x000000008d800000, 0x000000008d800000, 0x000000008d900000|  0%| F|  |TAMS 0x000000008d800000, 0x000000008d800000| Untracked 
| 217|0x000000008d900000, 0x000000008d900000, 0x000000008da00000|  0%| F|  |TAMS 0x000000008d900000, 0x000000008d900000| Untracked 
| 218|0x000000008da00000, 0x000000008da00000, 0x000000008db00000|  0%| F|  |TAMS 0x000000008da00000, 0x000000008da00000| Untracked 
| 219|0x000000008db00000, 0x000000008db00000, 0x000000008dc00000|  0%| F|  |TAMS 0x000000008db00000, 0x000000008db00000| Untracked 
| 220|0x000000008dc00000, 0x000000008dc00000, 0x000000008dd00000|  0%| F|  |TAMS 0x000000008dc00000, 0x000000008dc00000| Untracked 
| 221|0x000000008dd00000, 0x000000008dd00000, 0x000000008de00000|  0%| F|  |TAMS 0x000000008dd00000, 0x000000008dd00000| Untracked 
| 222|0x000000008de00000, 0x000000008de00000, 0x000000008df00000|  0%| F|  |TAMS 0x000000008de00000, 0x000000008de00000| Untracked 
| 223|0x000000008df00000, 0x000000008df00000, 0x000000008e000000|  0%| F|  |TAMS 0x000000008df00000, 0x000000008df00000| Untracked 
| 224|0x000000008e000000, 0x000000008e000000, 0x000000008e100000|  0%| F|  |TAMS 0x000000008e000000, 0x000000008e000000| Untracked 
| 225|0x000000008e100000, 0x000000008e100000, 0x000000008e200000|  0%| F|  |TAMS 0x000000008e100000, 0x000000008e100000| Untracked 
| 226|0x000000008e200000, 0x000000008e200000, 0x000000008e300000|  0%| F|  |TAMS 0x000000008e200000, 0x000000008e200000| Untracked 
| 227|0x000000008e300000, 0x000000008e300000, 0x000000008e400000|  0%| F|  |TAMS 0x000000008e300000, 0x000000008e300000| Untracked 
| 228|0x000000008e400000, 0x000000008e400000, 0x000000008e500000|  0%| F|  |TAMS 0x000000008e400000, 0x000000008e400000| Untracked 
| 229|0x000000008e500000, 0x000000008e500000, 0x000000008e600000|  0%| F|  |TAMS 0x000000008e500000, 0x000000008e500000| Untracked 
| 230|0x000000008e600000, 0x000000008e600000, 0x000000008e700000|  0%| F|  |TAMS 0x000000008e600000, 0x000000008e600000| Untracked 
| 231|0x000000008e700000, 0x000000008e700000, 0x000000008e800000|  0%| F|  |TAMS 0x000000008e700000, 0x000000008e700000| Untracked 
| 232|0x000000008e800000, 0x000000008e880800, 0x000000008e900000| 50%| E|  |TAMS 0x000000008e800000, 0x000000008e800000| Complete 
| 233|0x000000008e900000, 0x000000008ea00000, 0x000000008ea00000|100%| E|CS|TAMS 0x000000008e900000, 0x000000008e900000| Complete 
| 234|0x000000008ea00000, 0x000000008eb00000, 0x000000008eb00000|100%| E|CS|TAMS 0x000000008ea00000, 0x000000008ea00000| Complete 
| 235|0x000000008eb00000, 0x000000008ec00000, 0x000000008ec00000|100%| E|CS|TAMS 0x000000008eb00000, 0x000000008eb00000| Complete 
| 236|0x000000008ec00000, 0x000000008ed00000, 0x000000008ed00000|100%| E|CS|TAMS 0x000000008ec00000, 0x000000008ec00000| Complete 
| 237|0x000000008ed00000, 0x000000008ee00000, 0x000000008ee00000|100%| E|CS|TAMS 0x000000008ed00000, 0x000000008ed00000| Complete 
| 238|0x000000008ee00000, 0x000000008ef00000, 0x000000008ef00000|100%| E|CS|TAMS 0x000000008ee00000, 0x000000008ee00000| Complete 
| 239|0x000000008ef00000, 0x000000008f000000, 0x000000008f000000|100%| E|CS|TAMS 0x000000008ef00000, 0x000000008ef00000| Complete 
| 240|0x000000008f000000, 0x000000008f100000, 0x000000008f100000|100%| E|CS|TAMS 0x000000008f000000, 0x000000008f000000| Complete 
| 241|0x000000008f100000, 0x000000008f200000, 0x000000008f200000|100%| E|CS|TAMS 0x000000008f100000, 0x000000008f100000| Complete 
| 242|0x000000008f200000, 0x000000008f300000, 0x000000008f300000|100%| E|CS|TAMS 0x000000008f200000, 0x000000008f200000| Complete 
| 243|0x000000008f300000, 0x000000008f400000, 0x000000008f400000|100%| E|CS|TAMS 0x000000008f300000, 0x000000008f300000| Complete 
| 244|0x000000008f400000, 0x000000008f500000, 0x000000008f500000|100%| E|CS|TAMS 0x000000008f400000, 0x000000008f400000| Complete 
| 245|0x000000008f500000, 0x000000008f600000, 0x000000008f600000|100%| E|CS|TAMS 0x000000008f500000, 0x000000008f500000| Complete 
| 246|0x000000008f600000, 0x000000008f700000, 0x000000008f700000|100%| E|CS|TAMS 0x000000008f600000, 0x000000008f600000| Complete 
| 247|0x000000008f700000, 0x000000008f725f48, 0x000000008f800000| 14%| S|CS|TAMS 0x000000008f700000, 0x000000008f700000| Complete 
| 248|0x000000008f800000, 0x000000008f900000, 0x000000008f900000|100%| S|CS|TAMS 0x000000008f800000, 0x000000008f800000| Complete 
| 249|0x000000008f900000, 0x000000008fa00000, 0x000000008fa00000|100%| E|CS|TAMS 0x000000008f900000, 0x000000008f900000| Complete 
| 250|0x000000008fa00000, 0x000000008fb00000, 0x000000008fb00000|100%| E|CS|TAMS 0x000000008fa00000, 0x000000008fa00000| Complete 
| 251|0x000000008fb00000, 0x000000008fc00000, 0x000000008fc00000|100%| E|CS|TAMS 0x000000008fb00000, 0x000000008fb00000| Complete 
| 252|0x000000008fc00000, 0x000000008fd00000, 0x000000008fd00000|100%| E|CS|TAMS 0x000000008fc00000, 0x000000008fc00000| Complete 
| 253|0x000000008fd00000, 0x000000008fe00000, 0x000000008fe00000|100%| E|CS|TAMS 0x000000008fd00000, 0x000000008fd00000| Complete 

Card table byte_map: [0x00000191f9d70000,0x00000191fa170000] _byte_map_base: 0x00000191f9970000

Marking Bits (Prev, Next): (CMBitMap*) 0x00000191f76c2860, (CMBitMap*) 0x00000191f76c2828
 Prev Bits: [0x00000191fc570000, 0x00000191fe570000)
 Next Bits: [0x00000191fa570000, 0x00000191fc570000)

Polling page: 0x00000191f7510000

Metaspace:

Usage:
  Non-class:     93.70 MB capacity,    91.36 MB ( 98%) used,     1.99 MB (  2%) free+waste,   356.88 KB ( <1%) overhead. 
      Class:     15.36 MB capacity,    13.85 MB ( 90%) used,     1.34 MB (  9%) free+waste,   165.13 KB (  1%) overhead. 
       Both:    109.05 MB capacity,   105.21 MB ( 96%) used,     3.33 MB (  3%) free+waste,   522.00 KB ( <1%) overhead. 

Virtual space:
  Non-class space:       94.00 MB reserved,      93.76 MB (>99%) committed 
      Class space:      504.00 MB reserved,      15.45 MB (  3%) committed 
             Both:      598.00 MB reserved,     109.21 MB ( 18%) committed 

Chunk freelists:
   Non-Class:  0 bytes
       Class:  20.00 KB
        Both:  20.00 KB

MaxMetaspaceSize: 512.00 MB
CompressedClassSpaceSize: 504.00 MB
Initial GC threshold: 20.80 MB
Current GC threshold: 178.68 MB
CDS: off

CodeHeap 'non-profiled nmethods': size=120000Kb used=8807Kb max_used=8807Kb free=111192Kb
 bounds [0x0000019190170000, 0x0000019190a10000, 0x00000191976a0000]
CodeHeap 'profiled nmethods': size=120000Kb used=28576Kb max_used=28576Kb free=91423Kb
 bounds [0x0000019188c40000, 0x000001918a830000, 0x0000019190170000]
CodeHeap 'non-nmethods': size=5760Kb used=2450Kb max_used=2468Kb free=3309Kb
 bounds [0x00000191886a0000, 0x0000019188910000, 0x0000019188c40000]
 total_blobs=13850 nmethods=12914 adapters=844
 compilation: enabled
              stopped_count=0, restarted_count=0
 full_count=0

Compilation events (20 events):
Event: 33.386 Thread 0x00000191ff908800 nmethod 12897 0x000001918a80ca90 code [0x000001918a80cca0, 0x000001918a80d198]
Event: 33.387 Thread 0x00000191ff908800 12898       3       org.gradle.api.internal.DefaultDomainObjectCollection::createFilter (27 bytes)
Event: 33.387 Thread 0x00000191ff908800 nmethod 12898 0x000001918a80d390 code [0x000001918a80d580, 0x000001918a80d9f8]
Event: 33.387 Thread 0x00000191ff908800 12899       3       org.gradle.api.internal.DefaultCollectionCallbackActionDecorator::decorateSpec (27 bytes)
Event: 33.388 Thread 0x00000191ff908800 nmethod 12899 0x000001918a80db90 code [0x000001918a80dd80, 0x000001918a80e368]
Event: 33.388 Thread 0x00000191ff908800 12900       3       org.jetbrains.kotlin.gradle.internal.KotlinDependenciesManagementKt$sam$org_gradle_api_Action$0::<init> (16 bytes)
Event: 33.388 Thread 0x00000191ff908800 nmethod 12900 0x000001918a80e590 code [0x000001918a80e7c0, 0x000001918a80edf8]
Event: 33.388 Thread 0x00000191ff908800 12901       3       org.gradle.api.internal.DefaultDomainObjectSet::<init> (19 bytes)
Event: 33.389 Thread 0x00000191ff908800 nmethod 12901 0x000001918a80f090 code [0x000001918a80f2c0, 0x000001918a80fb18]
Event: 33.389 Thread 0x00000191ff908800 12902       3       org.gradle.api.internal.DefaultDomainObjectSet::<init> (15 bytes)
Event: 33.389 Thread 0x00000191ff908800 nmethod 12902 0x000001918a80fe10 code [0x000001918a80ffe0, 0x000001918a810248]
Event: 33.394 Thread 0x000001919e944800 nmethod 12893 0x0000019190a04f90 code [0x0000019190a05160, 0x0000019190a05b68]
Event: 33.394 Thread 0x000001919e944800 12799       4       sun.reflect.generics.visitor.Reifier::getResult (26 bytes)
Event: 33.394 Thread 0x000001919e944800 nmethod 12799 0x0000019190a05d90 code [0x0000019190a05f20, 0x0000019190a05f98]
Event: 33.394 Thread 0x000001919e944800 12786   !   4       org.gradle.api.internal.provider.DefaultValueSourceProviderFactory$LazilyObtainedValue::obtain (145 bytes)
Event: 33.397 Thread 0x00000191ff908800 12904       3       sun.reflect.generics.repository.ClassRepository::computeSuperInterfaces (62 bytes)
Event: 33.397 Thread 0x00000191ff908800 nmethod 12904 0x000001918a810390 code [0x000001918a8105c0, 0x000001918a810f68]
Event: 33.404 Thread 0x00000191ff904000 nmethod 12888 0x0000019190a06090 code [0x0000019190a06280, 0x0000019190a06f58]
Event: 33.405 Thread 0x00000191ff904000 12903       4       java.util.LinkedList::get (14 bytes)
Event: 33.406 Thread 0x00000191ff904000 nmethod 12903 0x0000019190a07410 code [0x0000019190a075a0, 0x0000019190a076f8]

GC Heap History (20 events):
Event: 29.229 GC heap before
{Heap before GC invocations=13 (full 0):
 garbage-first heap   total 260096K, used 201128K [0x0000000080000000, 0x0000000100000000)
  region size 1024K, 130 young (133120K), 14 survivors (14336K)
 Metaspace       used 93980K, capacity 97065K, committed 97236K, reserved 600064K
  class space    used 12439K, capacity 13698K, committed 13772K, reserved 516096K
}
Event: 29.246 GC heap after
{Heap after GC invocations=14 (full 0):
 garbage-first heap   total 260096K, used 94835K [0x0000000080000000, 0x0000000100000000)
  region size 1024K, 13 young (13312K), 13 survivors (13312K)
 Metaspace       used 93980K, capacity 97065K, committed 97236K, reserved 600064K
  class space    used 12439K, capacity 13698K, committed 13772K, reserved 516096K
}
Event: 30.637 GC heap before
{Heap before GC invocations=14 (full 0):
 garbage-first heap   total 260096K, used 214643K [0x0000000080000000, 0x0000000100000000)
  region size 1024K, 118 young (120832K), 13 survivors (13312K)
 Metaspace       used 97047K, capacity 100420K, committed 100692K, reserved 604160K
  class space    used 12769K, capacity 14120K, committed 14156K, reserved 516096K
}
Event: 30.655 GC heap after
{Heap after GC invocations=15 (full 0):
 garbage-first heap   total 260096K, used 125521K [0x0000000080000000, 0x0000000100000000)
  region size 1024K, 15 young (15360K), 15 survivors (15360K)
 Metaspace       used 97047K, capacity 100420K, committed 100692K, reserved 604160K
  class space    used 12769K, capacity 14120K, committed 14156K, reserved 516096K
}
Event: 30.942 GC heap before
{Heap before GC invocations=15 (full 0):
 garbage-first heap   total 260096K, used 154193K [0x0000000080000000, 0x0000000100000000)
  region size 1024K, 38 young (38912K), 15 survivors (15360K)
 Metaspace       used 97526K, capacity 100914K, committed 101048K, reserved 604160K
  class space    used 12843K, capacity 14205K, committed 14284K, reserved 516096K
}
Event: 30.953 GC heap after
{Heap after GC invocations=16 (full 0):
 garbage-first heap   total 260096K, used 140288K [0x0000000080000000, 0x0000000100000000)
  region size 1024K, 8 young (8192K), 8 survivors (8192K)
 Metaspace       used 97526K, capacity 100914K, committed 101048K, reserved 604160K
  class space    used 12843K, capacity 14205K, committed 14284K, reserved 516096K
}
Event: 31.306 GC heap before
{Heap before GC invocations=17 (full 0):
 garbage-first heap   total 260096K, used 190464K [0x0000000080000000, 0x0000000100000000)
  region size 1024K, 57 young (58368K), 8 survivors (8192K)
 Metaspace       used 99992K, capacity 103464K, committed 103636K, reserved 606208K
  class space    used 13137K, capacity 14515K, committed 14540K, reserved 516096K
}
Event: 31.319 GC heap after
{Heap after GC invocations=18 (full 0):
 garbage-first heap   total 260096K, used 143515K [0x0000000080000000, 0x0000000100000000)
  region size 1024K, 4 young (4096K), 4 survivors (4096K)
 Metaspace       used 99992K, capacity 103464K, committed 103636K, reserved 606208K
  class space    used 13137K, capacity 14515K, committed 14540K, reserved 516096K
}
Event: 31.669 GC heap before
{Heap before GC invocations=19 (full 0):
 garbage-first heap   total 260096K, used 169115K [0x0000000080000000, 0x0000000100000000)
  region size 1024K, 31 young (31744K), 4 survivors (4096K)
 Metaspace       used 100277K, capacity 103997K, committed 104276K, reserved 606208K
  class space    used 13173K, capacity 14617K, committed 14668K, reserved 516096K
}
Event: 31.678 GC heap after
{Heap after GC invocations=20 (full 0):
 garbage-first heap   total 260096K, used 148480K [0x0000000080000000, 0x0000000100000000)
  region size 1024K, 7 young (7168K), 7 survivors (7168K)
 Metaspace       used 100277K, capacity 103997K, committed 104276K, reserved 606208K
  class space    used 13173K, capacity 14617K, committed 14668K, reserved 516096K
}
Event: 32.181 GC heap before
{Heap before GC invocations=21 (full 0):
 garbage-first heap   total 260096K, used 198656K [0x0000000080000000, 0x0000000100000000)
  region size 1024K, 55 young (56320K), 7 survivors (7168K)
 Metaspace       used 101855K, capacity 105601K, committed 105812K, reserved 608256K
  class space    used 13421K, capacity 14900K, committed 14924K, reserved 516096K
}
Event: 32.192 GC heap after
{Heap after GC invocations=22 (full 0):
 garbage-first heap   total 260096K, used 158326K [0x0000000080000000, 0x0000000100000000)
  region size 1024K, 7 young (7168K), 7 survivors (7168K)
 Metaspace       used 101855K, capacity 105601K, committed 105812K, reserved 608256K
  class space    used 13421K, capacity 14900K, committed 14924K, reserved 516096K
}
Event: 32.243 GC heap before
{Heap before GC invocations=22 (full 0):
 garbage-first heap   total 260096K, used 163446K [0x0000000080000000, 0x0000000100000000)
  region size 1024K, 12 young (12288K), 7 survivors (7168K)
 Metaspace       used 102118K, capacity 105940K, committed 106196K, reserved 608256K
  class space    used 13461K, capacity 14968K, committed 15052K, reserved 516096K
}
Event: 32.249 GC heap after
{Heap after GC invocations=23 (full 0):
 garbage-first heap   total 260096K, used 158711K [0x0000000080000000, 0x0000000100000000)
  region size 1024K, 1 young (1024K), 1 survivors (1024K)
 Metaspace       used 102118K, capacity 105940K, committed 106196K, reserved 608256K
  class space    used 13461K, capacity 14968K, committed 15052K, reserved 516096K
}
Event: 32.730 GC heap before
{Heap before GC invocations=23 (full 0):
 garbage-first heap   total 260096K, used 203767K [0x0000000080000000, 0x0000000100000000)
  region size 1024K, 45 young (46080K), 1 survivors (1024K)
 Metaspace       used 105015K, capacity 108845K, committed 109140K, reserved 610304K
  class space    used 13848K, capacity 15352K, committed 15436K, reserved 516096K
}
Event: 32.736 GC heap after
{Heap after GC invocations=24 (full 0):
 garbage-first heap   total 260096K, used 161055K [0x0000000080000000, 0x0000000100000000)
  region size 1024K, 4 young (4096K), 4 survivors (4096K)
 Metaspace       used 105015K, capacity 108845K, committed 109140K, reserved 610304K
  class space    used 13848K, capacity 15352K, committed 15436K, reserved 516096K
}
Event: 33.213 GC heap before
{Heap before GC invocations=25 (full 0):
 garbage-first heap   total 260096K, used 207135K [0x0000000080000000, 0x0000000100000000)
  region size 1024K, 49 young (50176K), 4 survivors (4096K)
 Metaspace       used 106573K, capacity 110534K, committed 110548K, reserved 612352K
  class space    used 14022K, capacity 15552K, committed 15564K, reserved 516096K
}
Event: 33.226 GC heap after
{Heap after GC invocations=26 (full 0):
 garbage-first heap   total 260096K, used 170133K [0x0000000080000000, 0x0000000100000000)
  region size 1024K, 7 young (7168K), 7 survivors (7168K)
 Metaspace       used 106573K, capacity 110534K, committed 110548K, reserved 612352K
  class space    used 14022K, capacity 15552K, committed 15564K, reserved 516096K
}
Event: 33.274 GC heap before
{Heap before GC invocations=26 (full 0):
 garbage-first heap   total 260096K, used 175253K [0x0000000080000000, 0x0000000100000000)
  region size 1024K, 12 young (12288K), 7 survivors (7168K)
 Metaspace       used 106856K, capacity 110822K, committed 110932K, reserved 612352K
  class space    used 14065K, capacity 15584K, committed 15692K, reserved 516096K
}
Event: 33.280 GC heap after
{Heap after GC invocations=27 (full 0):
 garbage-first heap   total 260096K, used 170875K [0x0000000080000000, 0x0000000100000000)
  region size 1024K, 2 young (2048K), 2 survivors (2048K)
 Metaspace       used 106856K, capacity 110822K, committed 110932K, reserved 612352K
  class space    used 14065K, capacity 15584K, committed 15692K, reserved 516096K
}

Deoptimization events (20 events):
Event: 33.105 Thread 0x000001919e744800 Uncommon trap: trap_request=0xffffff4d fr.pc=0x00000191909c3780 relative=0x00000000000003a0
Event: 33.105 Thread 0x000001919e744800 Uncommon trap: reason=unstable_if action=reinterpret pc=0x00000191909c3780 method=org.gradle.api.internal.collections.DefaultPendingSource.removeByProvider(Lorg/gradle/api/internal/provider/ProviderInternal;)Z @ 34 c2
Event: 33.105 Thread 0x000001919e744800 DEOPT PACKING pc=0x00000191909c3780 sp=0x00000016a29f9440
Event: 33.105 Thread 0x000001919e744800 DEOPT UNPACKING pc=0x00000191886ea1af sp=0x00000016a29f93e0 mode 2
Event: 33.117 Thread 0x000001919e744800 DEOPT PACKING pc=0x000001918a7a75ba sp=0x00000016a29fa700
Event: 33.117 Thread 0x000001919e744800 DEOPT UNPACKING pc=0x00000191886ea95e sp=0x00000016a29f9ba8 mode 0
Event: 33.117 Thread 0x000001919e744800 Uncommon trap: trap_request=0xffffff7e fr.pc=0x00000191909d7b08 relative=0x0000000000000b48
Event: 33.117 Thread 0x000001919e744800 Uncommon trap: reason=predicate action=maybe_recompile pc=0x00000191909d7b08 method=com.google.common.collect.RegularImmutableMap.fromEntryArrayCheckingBucketOverflow(I[Ljava/util/Map$Entry;Z)Lcom/google/common/collect/ImmutableMap; @ 50 c2
Event: 33.117 Thread 0x000001919e744800 DEOPT PACKING pc=0x00000191909d7b08 sp=0x00000016a29f9890
Event: 33.117 Thread 0x000001919e744800 DEOPT UNPACKING pc=0x00000191886ea1af sp=0x00000016a29f9840 mode 2
Event: 33.125 Thread 0x000001919e744800 DEOPT PACKING pc=0x000001918a7a75ba sp=0x00000016a29fa700
Event: 33.125 Thread 0x000001919e744800 DEOPT UNPACKING pc=0x00000191886ea95e sp=0x00000016a29f9ba8 mode 0
Event: 33.147 Thread 0x000001919e744800 DEOPT PACKING pc=0x000001918a7a75ba sp=0x00000016a29fa700
Event: 33.147 Thread 0x000001919e744800 DEOPT UNPACKING pc=0x00000191886ea95e sp=0x00000016a29f9ba8 mode 0
Event: 33.315 Thread 0x000001919e744800 DEOPT PACKING pc=0x000001918a7a75ba sp=0x00000016a29fa700
Event: 33.315 Thread 0x000001919e744800 DEOPT UNPACKING pc=0x00000191886ea95e sp=0x00000016a29f9ba8 mode 0
Event: 33.332 Thread 0x000001919e744800 DEOPT PACKING pc=0x000001918a7a75ba sp=0x00000016a29fa700
Event: 33.332 Thread 0x000001919e744800 DEOPT UNPACKING pc=0x00000191886ea95e sp=0x00000016a29f9ba8 mode 0
Event: 33.344 Thread 0x000001919e744800 DEOPT PACKING pc=0x000001918a7a75ba sp=0x00000016a29fa700
Event: 33.344 Thread 0x000001919e744800 DEOPT UNPACKING pc=0x00000191886ea95e sp=0x00000016a29f9ba8 mode 0

Classes redefined (0 events):
No events

Internal exceptions (20 events):
Event: 31.734 Thread 0x000001919b238800 Exception <a 'java/security/PrivilegedActionException'{0x000000008fcdaef8}> (0x000000008fcdaef8) thrown at [s\src\hotspot\share\prims\jvm.cpp, line 1306]
Event: 31.734 Thread 0x000001919b238800 Exception <a 'java/security/PrivilegedActionException'{0x000000008fcde618}> (0x000000008fcde618) thrown at [s\src\hotspot\share\prims\jvm.cpp, line 1306]
Event: 31.734 Thread 0x000001919b238800 Exception <a 'java/security/PrivilegedActionException'{0x000000008fcdfe28}> (0x000000008fcdfe28) thrown at [s\src\hotspot\share\prims\jvm.cpp, line 1306]
Event: 31.734 Thread 0x000001919b238800 Exception <a 'java/security/PrivilegedActionException'{0x000000008fce35a8}> (0x000000008fce35a8) thrown at [s\src\hotspot\share\prims\jvm.cpp, line 1306]
Event: 31.734 Thread 0x000001919b238800 Exception <a 'java/security/PrivilegedActionException'{0x000000008fce4db8}> (0x000000008fce4db8) thrown at [s\src\hotspot\share\prims\jvm.cpp, line 1306]
Event: 31.810 Thread 0x000001919b238800 Exception <a 'java/lang/ClassNotFoundException'{0x000000008f9c3b90}: build_bzfmnoirpj39x2f5t9wcgo2ul$_run_closure1BeanInfo> (0x000000008f9c3b90) thrown at [s\src\hotspot\share\classfile\systemDictionary.cpp, line 230]
Event: 31.810 Thread 0x000001919b238800 Exception <a 'java/lang/ClassNotFoundException'{0x000000008f9dc650}: build_bzfmnoirpj39x2f5t9wcgo2ul$_run_closure1Customizer> (0x000000008f9dc650) thrown at [s\src\hotspot\share\classfile\systemDictionary.cpp, line 230]
Event: 31.843 Thread 0x000001919b238800 Exception <a 'java/lang/NoClassDefFoundError'{0x000000008f651c70}: org/jetbrains/kotlin/gradle/plugin/KotlinBasePluginWrapper> (0x000000008f651c70) thrown at [s\src\hotspot\share\oops\constantPool.cpp, line 775]
Event: 31.984 Thread 0x000001919e744800 Exception <a 'java/lang/NoSuchMethodError'{0x000000008e6f0638}: 'void java.lang.invoke.DirectMethodHandle$Holder.invokeVirtual(java.lang.Object, java.lang.Object)'> (0x000000008e6f0638) thrown at [s\src\hotspot\share\interpreter\linkResolver.cpp, line 773]
Event: 32.024 Thread 0x000001919e744800 Implicit null exception at 0x00000191909316b0 to 0x0000019190931770
Event: 32.044 Thread 0x000001919e744800 Implicit null exception at 0x0000019190932c07 to 0x0000019190932ce7
Event: 32.086 Thread 0x000001919e744800 Implicit null exception at 0x00000191909347c0 to 0x0000019190934874
Event: 32.282 Thread 0x000001919e744800 Implicit null exception at 0x000001919094bb4e to 0x000001919094c250
Event: 32.292 Thread 0x000001919e744800 Implicit null exception at 0x000001919094d2a9 to 0x000001919094d9b4
Event: 32.370 Thread 0x000001919e744800 Exception <a 'java/lang/NoSuchMethodError'{0x000000008f049628}: 'java.lang.Object java.lang.invoke.DirectMethodHandle$Holder.invokeStatic(java.lang.Object, java.lang.Object, java.lang.Object, java.lang.Object, java.lang.Object, java.lang.Object, int)'> (0x000000008f049628) thrown at [s\src\hotspot\share\interpreter\linkResolver.cpp, line 773]
Event: 32.371 Thread 0x000001919e744800 Exception <a 'java/lang/NoSuchMethodError'{0x000000008f060e28}: 'java.lang.Object java.lang.invoke.DirectMethodHandle$Holder.invokeStatic(java.lang.Object, java.lang.Object, java.lang.Object, java.lang.Object, java.lang.Object, java.lang.Object, int, int)'> (0x000000008f060e28) thrown at [s\src\hotspot\share\interpreter\linkResolver.cpp, line 773]
Event: 32.372 Thread 0x000001919e744800 Exception <a 'java/lang/NoSuchMethodError'{0x000000008f0796d0}: 'java.lang.Object java.lang.invoke.DirectMethodHandle$Holder.invokeStatic(java.lang.Object, java.lang.Object, java.lang.Object, java.lang.Object, java.lang.Object, java.lang.Object, int, int, java.lang.Object)'> (0x000000008f0796d0) thrown at [s\src\hotspot\share\interpreter\linkResolver.cpp, line 773]
Event: 32.412 Thread 0x000001919e744800 Implicit null exception at 0x000001919096b3b4 to 0x000001919096bc7c
Event: 32.674 Thread 0x000001919e744800 Implicit null exception at 0x000001919093e7b1 to 0x000001919093fe6c
Event: 32.712 Thread 0x000001919e744800 Exception <a 'java/lang/NoSuchMethodError'{0x000000008d2a2000}: 'int java.lang.invoke.DirectMethodHandle$Holder.invokeStatic(java.lang.Object, int, int, java.lang.Object)'> (0x000000008d2a2000) thrown at [s\src\hotspot\share\interpreter\linkResolver.cpp, line 773]

Events (20 events):
Event: 33.385 loading class org/jetbrains/kotlin/gradle/internal/StdlibDependencyManagementKt$sam$org_gradle_api_Transformer$0
Event: 33.385 loading class org/jetbrains/kotlin/gradle/internal/StdlibDependencyManagementKt$sam$org_gradle_api_Transformer$0 done
Event: 33.394 loading class org/jetbrains/kotlin/gradle/plugin/stat/GradleBuildStartParameters
Event: 33.394 loading class org/jetbrains/kotlin/gradle/plugin/stat/GradleBuildStartParameters done
Event: 33.397 loading class org/jetbrains/kotlin/gradle/report/BuildReportsService
Event: 33.397 loading class org/jetbrains/kotlin/gradle/report/BuildReportsService done
Event: 33.405 loading class org/gradle/work/NormalizeLineEndings
Event: 33.405 loading class org/gradle/work/NormalizeLineEndings done
Event: 33.420 Executing VM operation: RevokeBias
Event: 33.421 Executing VM operation: RevokeBias done
Event: 33.423 loading class org/jetbrains/kotlin/gradle/report/BuildReportsService$Companion
Event: 33.423 loading class org/jetbrains/kotlin/gradle/report/BuildReportsService$Companion done
Event: 33.427 loading class java/util/concurrent/ConcurrentSkipListMap$KeySet
Event: 33.428 loading class java/util/concurrent/ConcurrentSkipListMap$KeySet done
Event: 33.428 loading class java/util/concurrent/ConcurrentSkipListMap$KeyIterator
Event: 33.428 loading class java/util/concurrent/ConcurrentSkipListMap$KeyIterator done
Event: 33.428 loading class java/net/InetAddress$NameServiceAddresses
Event: 33.428 loading class java/net/InetAddress$Addresses
Event: 33.428 loading class java/net/InetAddress$Addresses done
Event: 33.428 loading class java/net/InetAddress$NameServiceAddresses done


Dynamic libraries:
0x00007ff769cc0000 - 0x00007ff769ccd000 	C:\Program Files\Microsoft\jdk-11.0.20.8-hotspot\bin\java.exe
0x00007ffe009f0000 - 0x00007ffe00be7000 	C:\Windows\SYSTEM32\ntdll.dll
0x00007ffe00890000 - 0x00007ffe0094d000 	C:\Windows\System32\KERNEL32.DLL
0x00007ffdfe630000 - 0x00007ffdfe926000 	C:\Windows\System32\KERNELBASE.dll
0x00007ffdfe190000 - 0x00007ffdfe290000 	C:\Windows\System32\ucrtbase.dll
0x00007ffdea580000 - 0x00007ffdea597000 	C:\Program Files\Microsoft\jdk-11.0.20.8-hotspot\bin\jli.dll
0x00007ffde7c90000 - 0x00007ffde7ca5000 	C:\Program Files\Microsoft\jdk-11.0.20.8-hotspot\bin\VCRUNTIME140.dll
0x00007ffe006f0000 - 0x00007ffe0088e000 	C:\Windows\System32\USER32.dll
0x00007ffdf22c0000 - 0x00007ffdf255a000 	C:\Windows\WinSxS\amd64_microsoft.windows.common-controls_6595b64144ccf1df_6.0.19041.3570_none_60bb2a3971f3e41a\COMCTL32.dll
0x00007ffdfe290000 - 0x00007ffdfe2b2000 	C:\Windows\System32\win32u.dll
0x00007ffdfefc0000 - 0x00007ffdff05e000 	C:\Windows\System32\msvcrt.dll
0x00007ffdff8c0000 - 0x00007ffdff8ec000 	C:\Windows\System32\GDI32.dll
0x00007ffdfe930000 - 0x00007ffdfea4a000 	C:\Windows\System32\gdi32full.dll
0x00007ffdfe310000 - 0x00007ffdfe3ad000 	C:\Windows\System32\msvcp_win.dll
0x00007ffdfef90000 - 0x00007ffdfefc0000 	C:\Windows\System32\IMM32.DLL
0x00007ffdd28b0000 - 0x00007ffdd294b000 	C:\Program Files\Microsoft\jdk-11.0.20.8-hotspot\bin\msvcp140.dll
0x00007ffd9ae40000 - 0x00007ffd9b9d6000 	C:\Program Files\Microsoft\jdk-11.0.20.8-hotspot\bin\server\jvm.dll
0x00007ffdfeee0000 - 0x00007ffdfef8e000 	C:\Windows\System32\ADVAPI32.dll
0x00007ffe00040000 - 0x00007ffe000dc000 	C:\Windows\System32\sechost.dll
0x00007ffdfec80000 - 0x00007ffdfeda6000 	C:\Windows\System32\RPCRT4.dll
0x00007ffdfec70000 - 0x00007ffdfec78000 	C:\Windows\System32\PSAPI.DLL
0x00007ffde06e0000 - 0x00007ffde0707000 	C:\Windows\SYSTEM32\WINMM.dll
0x00007ffdf7dd0000 - 0x00007ffdf7dd9000 	C:\Windows\SYSTEM32\WSOCK32.dll
0x00007ffdf56d0000 - 0x00007ffdf56da000 	C:\Windows\SYSTEM32\VERSION.dll
0x00007ffdfec00000 - 0x00007ffdfec6b000 	C:\Windows\System32\WS2_32.dll
0x00007ffdfbeb0000 - 0x00007ffdfbec2000 	C:\Windows\SYSTEM32\kernel.appcore.dll
0x00007ffdf7c60000 - 0x00007ffdf7c70000 	C:\Program Files\Microsoft\jdk-11.0.20.8-hotspot\bin\verify.dll
0x00007ffdf8810000 - 0x00007ffdf89f4000 	C:\Windows\SYSTEM32\DBGHELP.DLL
0x00007ffdf86c0000 - 0x00007ffdf86f4000 	C:\Windows\SYSTEM32\dbgcore.DLL
0x00007ffdfe100000 - 0x00007ffdfe182000 	C:\Windows\System32\bcryptPrimitives.dll
0x00007ffde5400000 - 0x00007ffde5428000 	C:\Program Files\Microsoft\jdk-11.0.20.8-hotspot\bin\java.dll
0x00007ffdf0150000 - 0x00007ffdf015a000 	C:\Program Files\Microsoft\jdk-11.0.20.8-hotspot\bin\jimage.dll
0x00007ffde7c70000 - 0x00007ffde7c88000 	C:\Program Files\Microsoft\jdk-11.0.20.8-hotspot\bin\zip.dll
0x00007ffdff8f0000 - 0x00007ffe00034000 	C:\Windows\System32\SHELL32.dll
0x00007ffdfc190000 - 0x00007ffdfc92b000 	C:\Windows\SYSTEM32\windows.storage.dll
0x00007ffdff450000 - 0x00007ffdff7a4000 	C:\Windows\System32\combase.dll
0x00007ffdfda40000 - 0x00007ffdfda6d000 	C:\Windows\SYSTEM32\Wldp.dll
0x00007ffe00140000 - 0x00007ffe001ed000 	C:\Windows\System32\SHCORE.dll
0x00007ffe000e0000 - 0x00007ffe00135000 	C:\Windows\System32\shlwapi.dll
0x00007ffdfe000000 - 0x00007ffdfe025000 	C:\Windows\SYSTEM32\profapi.dll
0x00007ffde53e0000 - 0x00007ffde53f9000 	C:\Program Files\Microsoft\jdk-11.0.20.8-hotspot\bin\net.dll
0x00007ffdf8280000 - 0x00007ffdf838a000 	C:\Windows\SYSTEM32\WINHTTP.dll
0x00007ffdfd7a0000 - 0x00007ffdfd80a000 	C:\Windows\system32\mswsock.dll
0x00007ffde53c0000 - 0x00007ffde53d3000 	C:\Program Files\Microsoft\jdk-11.0.20.8-hotspot\bin\nio.dll
0x00007ffde5310000 - 0x00007ffde5337000 	C:\Users\Hamza\.gradle\native\68d5fa5c4cc2d200863cafc0d521ce42e7d3e7ee720ec0a83991735586a16f82\windows-amd64\native-platform.dll
0x00007ffdd2760000 - 0x00007ffdd28a4000 	C:\Users\Hamza\.gradle\native\e376f236ea51e6404a007f0833ffe2c6e607c4080706a723a18a27aeea778392\windows-amd64\native-platform-file-events.dll
0x00007ffded200000 - 0x00007ffded209000 	C:\Program Files\Microsoft\jdk-11.0.20.8-hotspot\bin\management.dll
0x00007ffdec650000 - 0x00007ffdec65b000 	C:\Program Files\Microsoft\jdk-11.0.20.8-hotspot\bin\management_ext.dll
0x00007ffdfd9a0000 - 0x00007ffdfd9b8000 	C:\Windows\SYSTEM32\CRYPTSP.dll
0x00007ffdfd0b0000 - 0x00007ffdfd0e4000 	C:\Windows\system32\rsaenh.dll
0x00007ffdfe0d0000 - 0x00007ffdfe0f7000 	C:\Windows\System32\bcrypt.dll
0x00007ffdfdf80000 - 0x00007ffdfdfae000 	C:\Windows\SYSTEM32\USERENV.dll
0x00007ffdfd990000 - 0x00007ffdfd99c000 	C:\Windows\SYSTEM32\CRYPTBASE.dll
0x00007ffdfd490000 - 0x00007ffdfd4cb000 	C:\Windows\SYSTEM32\IPHLPAPI.DLL
0x00007ffdfeed0000 - 0x00007ffdfeed8000 	C:\Windows\System32\NSI.dll
0x00007ffdf9290000 - 0x00007ffdf92a7000 	C:\Windows\SYSTEM32\dhcpcsvc6.DLL
0x00007ffdf9270000 - 0x00007ffdf928d000 	C:\Windows\SYSTEM32\dhcpcsvc.DLL
0x00007ffdfd4d0000 - 0x00007ffdfd59a000 	C:\Windows\SYSTEM32\DNSAPI.dll
0x00007ffdea4c0000 - 0x00007ffdea4d7000 	C:\Windows\system32\napinsp.dll
0x00007ffdea390000 - 0x00007ffdea3ab000 	C:\Windows\system32\pnrpnsp.dll
0x00007ffde9410000 - 0x00007ffde9425000 	C:\Windows\system32\wshbth.dll
0x00007ffdf9fb0000 - 0x00007ffdf9fcd000 	C:\Windows\system32\NLAapi.dll
0x00007ffdea370000 - 0x00007ffdea382000 	C:\Windows\System32\winrnr.dll
0x00007ffdf6490000 - 0x00007ffdf649a000 	C:\Windows\System32\rasadhlp.dll
0x00007ffdf6870000 - 0x00007ffdf68f2000 	C:\Windows\System32\fwpuclnt.dll

dbghelp: loaded successfully - version: 4.0.5 - missing functions: none
symbol engine: initialized successfully - sym options: 0x614 - pdb path: .;C:\Program Files\Microsoft\jdk-11.0.20.8-hotspot\bin;C:\Windows\SYSTEM32;C:\Windows\WinSxS\amd64_microsoft.windows.common-controls_6595b64144ccf1df_6.0.19041.3570_none_60bb2a3971f3e41a;C:\Program Files\Microsoft\jdk-11.0.20.8-hotspot\bin\server;C:\Users\Hamza\.gradle\native\68d5fa5c4cc2d200863cafc0d521ce42e7d3e7ee720ec0a83991735586a16f82\windows-amd64;C:\Users\Hamza\.gradle\native\e376f236ea51e6404a007f0833ffe2c6e607c4080706a723a18a27aeea778392\windows-amd64

VM Arguments:
jvm_args: -XX:MaxMetaspaceSize=512m --add-opens=java.base/java.util=ALL-UNNAMED --add-opens=java.base/java.lang=ALL-UNNAMED --add-opens=java.base/java.lang.invoke=ALL-UNNAMED --add-opens=java.prefs/java.util.prefs=ALL-UNNAMED --add-opens=java.base/java.nio.charset=ALL-UNNAMED --add-opens=java.base/java.net=ALL-UNNAMED --add-opens=java.base/java.util.concurrent.atomic=ALL-UNNAMED -Xmx2048m -Dfile.encoding=windows-1252 -Duser.country=US -Duser.language=en -Duser.variant 
java_command: org.gradle.launcher.daemon.bootstrap.GradleDaemon 8.0.1
java_class_path (initial): C:\Users\Hamza\.gradle\wrapper\dists\gradle-8.0.1-all\aro4hu1c3oeioove7l0i4i14o\gradle-8.0.1\lib\gradle-launcher-8.0.1.jar
Launcher Type: SUN_STANDARD

[Global flags]
     intx CICompilerCount                          = 4                                         {product} {ergonomic}
   size_t CompressedClassSpaceSize                 = 528482304                                 {product} {ergonomic}
     uint ConcGCThreads                            = 2                                         {product} {ergonomic}
     uint G1ConcRefinementThreads                  = 8                                         {product} {ergonomic}
   size_t G1HeapRegionSize                         = 1048576                                   {product} {ergonomic}
    uintx GCDrainStackTargetSize                   = 64                                        {product} {ergonomic}
   size_t InitialHeapSize                          = 266338304                                 {product} {ergonomic}
   size_t MarkStackSize                            = 4194304                                   {product} {ergonomic}
   size_t MaxHeapSize                              = 2147483648                                {product} {command line}
   size_t MaxMetaspaceSize                         = 536870912                                 {product} {command line}
   size_t MaxNewSize                               = 1287651328                                {product} {ergonomic}
   size_t MinHeapDeltaBytes                        = 1048576                                   {product} {ergonomic}
    uintx NonNMethodCodeHeapSize                   = 5836300                                {pd product} {ergonomic}
    uintx NonProfiledCodeHeapSize                  = 122910970                              {pd product} {ergonomic}
    uintx ProfiledCodeHeapSize                     = 122910970                              {pd product} {ergonomic}
    uintx ReservedCodeCacheSize                    = 251658240                              {pd product} {ergonomic}
     bool SegmentedCodeCache                       = true                                      {product} {ergonomic}
     bool UseCompressedClassPointers               = true                                 {lp64_product} {ergonomic}
     bool UseCompressedOops                        = true                                 {lp64_product} {ergonomic}
     bool UseG1GC                                  = true                                      {product} {ergonomic}
     bool UseLargePagesIndividualAllocation        = false                                  {pd product} {ergonomic}

Logging:
Log output configuration:
 #0: stdout all=warning uptime,level,tags
 #1: stderr all=off uptime,level,tags

Environment Variables:
JAVA_HOME=C:\Program Files\Microsoft\jdk-11.0.20.8-hotspot\
CLASSPATH=D:\Muhammad Hamza Tabani\Apps\LuxuryTresses\android\\gradle\wrapper\gradle-wrapper.jar
PATH=D:\Muhammad Hamza Tabani\Apps\LuxuryTresses\node_modules\.bin;D:\Muhammad Hamza Tabani\Apps\LuxuryTresses\node_modules\.bin;D:\Muhammad Hamza Tabani\Apps\node_modules\.bin;D:\Muhammad Hamza Tabani\node_modules\.bin;D:\node_modules\.bin;C:\Users\Hamza\AppData\Roaming\npm\node_modules\npm\node_modules\@npmcli\run-script\lib\node-gyp-bin;C:\Program Files\Microsoft\jdk-11.0.20.8-hotspot\bin;C:\Windows\system32;C:\Windows;C:\Windows\System32\Wbem;C:\Windows\System32\WindowsPowerShell\v1.0\;C:\Windows\System32\OpenSSH\;C:\ProgramData\chocolatey\bin;C:\Program Files\nodejs\;C:\Users\Hamza\AppData\Local\Microsoft\WindowsApps;C:\Users\Hamza\AppData\Local\Programs\Git\cmd;C:\Users\Hamza\AppData\Local\Programs\Microsoft VS Code\bin;C:\Users\Hamza\AppData\Local\Android\Sdk\platform-tools;
USERNAME=Hamza
LANG=en_US.UTF-8
OS=Windows_NT
PROCESSOR_IDENTIFIER=Intel64 Family 6 Model 60 Stepping 3, GenuineIntel
TMP=C:\Users\Hamza\AppData\Local\Temp
TEMP=C:\Users\Hamza\AppData\Local\Temp



---------------  S Y S T E M  ---------------

OS: Windows 10 , 64 bit Build 19041 (10.0.19041.3570)
OS uptime: 0 days 0:08 hours

CPU:total 8 (initial active 8) (4 cores per cpu, 2 threads per core) family 6 model 60 stepping 3 microcode 0x27, cmov, cx8, fxsr, mmx, sse, sse2, sse3, ssse3, sse4.1, sse4.2, popcnt, avx, avx2, clmul, erms, lzcnt, ht, tsc, tscinvbit, bmi1, bmi2, fma

Memory: 4k page, system-wide physical 16255M (7813M free)
TotalPageFile size 18687M (AvailPageFile size 9713M)
current process WorkingSet (physical memory assigned to process): 575M, peak: 592M
current process commit charge ("private bytes"): 628M, peak: 647M

vm_info: OpenJDK 64-Bit Server VM (11.0.20+8-LTS) for windows-amd64 JRE (11.0.20+8-LTS), built on Jul  7 2023 17:05:21 by "MicrosoftCorporation" with MS VC++ 15.9 (VS2017)

END.
